[  X  ][U0,R0][U0,R0][U0,R0][U0,R0][U0,R0][U0,R0][U0,R0][U0,R0][U0,R0][U0,R0][U0,R0][U0,R0][U0,R0][U0,R0][U0,R0]
[U1,R0][  X  ][U0,R0][U0,R0][U0,R0][U0,R0][U0,R0][U0,R0][U0,R0][U0,R0][U0,R0][U0,R0][U0,R0][U0,R0][U0,R0][U0,R0]
[U1,R0][U1,R0][  X  ][U0,R0][U0,R0][U0,R0][U0,R0][U0,R0][U0,R0][U0,R0][U0,R0][U0,R0][U0,R0][U0,R0][U0,R0][U0,R0]
[U1,R0][U1,R0][U1,R0][U0,R0][  X  ][U0,R0][U1,R0][U1,R0][U0,R0][U0,R0][U0,R0][U0,R0][U1,R0][U1,R0][U0,R0][U0,R0]
[U1,R0][U1,R0][U1,R0][U0,R0][U1,R0][  X  ][U1,R0][U1,R0][U0,R0][U0,R0][U0,R0][U0,R0][U1,R0][U1,R0][U0,R0][U0,R0]
[U1,R0][U1,R0][U1,R0][U0,R0][U1,R0][U1,R0][U0,R0][U0,R0][U0,R0][U0,R0][  X  ][U0,R0][U1,R0][U1,R0][U0,R0][U0,R0]
[U1,R0][U1,R0][U1,R0][U0,R0][U1,R0][U1,R0][U0,R0][U0,R0][U0,R0][U0,R0][U1,R0][  X  ][U1,R0][U1,R0][U0,R0][U0,R0]
[U1,R0][U1,R0][U1,R0][U0,R0][U1,R0][U1,R0][U0,R0][U0,R0][U0,R0][U0,R0][U1,R0][U1,R0][U0,R0][U0,R0][  X  ][U0,R0]
[U1,R0][U1,R0][U1,R0][U0,R0][U1,R0][U1,R0][U0,R0][U0,R0][U0,R0][U0,R0][U1,R0][U1,R0][U0,R0][U0,R0][U1,R0][  X  ]
[U0,R0][U0,R0][U0,R0][U0,R0][U0,R0][U0,R0][U0,R0][U0,R0][  X  ][U0,R0][U1,R0][U1,R0][U1,R0][U1,R0][U1,R0][U1,R0]
[U0,R0][U0,R0][U0,R0][U0,R0][U0,R0][U0,R0][U0,R0][U0,R0][U1,R0][  X  ][U1,R0][U1,R0][U1,R0][U1,R0][U1,R0][U1,R0]
[  X  ][U0,R0][U0,R0][U0,R0][U1,R0][U1,R0][U0,R0][U0,R0][U1,R0][U1,R0][U0,R0][U0,R0][U0,R0][U0,R0][U0,R0][U0,R0]
[U1,R0][  X  ][U0,R0][U0,R0][U1,R0][U1,R0][U0,R0][U0,R0][U1,R0][U1,R0][U0,R0][U0,R0][U0,R0][U0,R0][U0,R0][U0,R0]
[U1,R0][U1,R0][  X  ][U0,R0][U1,R0][U1,R0][U0,R0][U0,R0][U1,R0][U1,R0][U0,R0][U0,R0][U0,R0][U0,R0][U0,R0][U0,R0]
[U1,R0][U1,R0][U1,R0][  X  ][U1,R0][U1,R0][U0,R0][U0,R0][U1,R0][U1,R0][U0,R0][U0,R0][U0,R0][U0,R0][U0,R0][U0,R0]
[U1,R0][U1,R0][U1,R0][U1,R0][U0,R0][U0,R0][U0,R0][U0,R0][U0,R0][U0,R0][  X  ][U0,R0][U1,R0][U1,R0][U1,R0][U1,R0]
[U1,R0][U1,R0][U1,R0][U1,R0][U0,R0][U0,R0][U0,R0][U0,R0][U0,R0][U0,R0][U1,R0][  X  ][U1,R0][U1,R0][U1,R0][U1,R0]
[U0,R0][U0,R0][U0,R0][U0,R0][U0,R0][U0,R0][  X  ][U0,R0][U1,R0][U1,R0][U1,R0][U1,R0][U0,R0][U0,R0][U0,R0][U0,R0]
[U0,R0][U0,R0][U0,R0][U0,R0][U0,R0][U0,R0][U1,R0][  X  ][U1,R0][U1,R0][U1,R0][U1,R0][U0,R0][U0,R0][U0,R0][U0,R0]
[U0,R0][U0,R0][U0,R0][U0,R0][U0,R0][U0,R0][U1,R0][U1,R0][U0,R0][U0,R0][U0,R0][U0,R0][  X  ][U0,R0][U0,R0][U0,R0]
[U0,R0][U0,R0][U0,R0][U0,R0][U0,R0][U0,R0][U1,R0][U1,R0][U0,R0][U0,R0][U0,R0][U0,R0][U1,R0][  X  ][U0,R0][U0,R0]
[U0,R0][U0,R0][U0,R0][U0,R0][U0,R0][U0,R0][U1,R0][U1,R0][U0,R0][U0,R0][U0,R0][U0,R0][U1,R0][U1,R0][  X  ][U0,R0]
[U0,R0][U0,R0][U0,R0][U0,R0][U0,R0][U0,R0][U1,R0][U1,R0][U0,R0][U0,R0][U0,R0][U0,R0][U1,R0][U1,R0][U1,R0][  X  ]
[  X  ][U0,R0][U0,R0][U0,R0][U1,R0][U1,R0][U1,R0][U1,R0][U1,R0][U1,R0][U1,R0][U1,R0][U1,R0][U1,R0][U1,R0][U1,R0]
[U1,R0][  X  ][U0,R0][U0,R0][U1,R0][U1,R0][U1,R0][U1,R0][U1,R0][U1,R0][U1,R0][U1,R0][U1,R0][U1,R0][U1,R0][U1,R0]
[U1,R0][U1,R0][  X  ][U0,R0][U1,R0][U1,R0][U1,R0][U1,R0][U1,R0][U1,R0][U1,R0][U1,R0][U1,R0][U1,R0][U1,R0][U1,R0]
[U1,R0][U1,R0][U1,R0][  X  ][U1,R0][U1,R0][U1,R0][U1,R0][U1,R0][U1,R0][U1,R0][U1,R0][U1,R0][U1,R0][U1,R0][U1,R0]
[U0,R0][U0,R0][U0,R0][U0,R0][  X  ][U0,R0][U0,R0][U0,R0][U0,R0][U0,R0][U0,R0][U0,R0][U0,R0][U0,R0][U0,R0][U0,R0]
[U0,R0][U0,R0][U0,R0][U0,R0][U1,R0][  X  ][U0,R0][U0,R0][U0,R0][U0,R0][U0,R0][U0,R0][U0,R0][U0,R0][U0,R0][U0,R0]
[U0,R0][U0,R0][U0,R0][U0,R0][U1,R0][U1,R0][  X  ][U0,R0][U0,R0][U0,R0][U0,R0][U0,R0][U0,R0][U0,R0][U0,R0][U0,R0]
[U0,R0][U0,R0][U0,R0][U0,R0][U1,R0][U1,R0][U1,R0][  X  ][U0,R0][U0,R0][U0,R0][U0,R0][U0,R0][U0,R0][U0,R0][U0,R0]
[U0,R0][U0,R0][U0,R0][U0,R0][U1,R0][U1,R0][U1,R0][U1,R0][  X  ][U0,R0][U0,R0][U0,R0][U0,R0][U0,R0][U0,R0][U0,R0]
[U0,R0][U0,R0][U0,R0][U0,R0][U1,R0][U1,R0][U1,R0][U1,R0][U1,R0][  X  ][U0,R0][U0,R0][U0,R0][U0,R0][U0,R0][U0,R0]
[U0,R0][U0,R0][U0,R0][U0,R0][U1,R0][U1,R0][U1,R0][U1,R0][U1,R0][U1,R0][  X  ][U0,R0][U1,R0][U1,R0][U0,R0][U0,R0]
[U0,R0][U0,R0][U0,R0][U0,R0][U1,R0][U1,R0][U1,R0][U1,R0][U1,R0][U1,R0][U1,R0][  X  ][U1,R0][U1,R0][U0,R0][U0,R0]
[  X  ][U0,R0][U0,R0][U0,R0][U1,R0][U1,R0][U1,R0][U1,R0][U1,R0][U1,R0][U1,R0][U1,R0][U0,R0][U0,R0][U0,R0][U0,R0]
[U1,R0][U0,R0][  X  ][U0,R0][U1,R0][U1,R0][U1,R0][U1,R0][U1,R0][U1,R0][U1,R0][U1,R0][U0,R0][U0,R0][U0,R0][U0,R0]
[U1,R0][U0,R0][U1,R0][  X  ][U1,R0][U1,R0][U1,R0][U1,R0][U1,R0][U1,R0][U1,R0][U1,R0][U0,R0][U0,R0][U0,R0][U0,R0]
[U1,R0][U0,R0][U1,R0][U1,R0][U0,R0][U0,R0][U0,R0][U0,R0][U0,R0][U0,R0][U0,R0][U0,R0][  X  ][U0,R0][U0,R0][U0,R0]
[U1,R0][U0,R0][U1,R0][U1,R0][U0,R0][U0,R0][U0,R0][U0,R0][U1,R0][U1,R0][U0,R0][U0,R0][U1,R0][U0,R0][  X  ][U0,R0]
[U1,R0][U0,R0][U1,R0][U1,R0][U0,R0][U0,R0][U0,R0][U0,R0][U1,R0][U1,R0][U0,R0][U0,R0][U1,R0][U0,R0][U1,R0][  X  ]
[U0,R0][  X  ][U1,R0][U1,R0][U0,R0][U0,R0][U0,R0][U0,R0][U1,R0][U1,R0][U1,R0][U1,R0][U1,R0][U0,R0][U1,R0][U1,R0]
[U0,R0][U1,R0][U0,R0][U0,R0][  X  ][U0,R0][U0,R0][U0,R0][U1,R0][U1,R0][U1,R0][U1,R0][U1,R0][U0,R0][U1,R0][U1,R0]
[U1,R0][U1,R0][U1,R0][U0,R0][U1,R0][  X  ][U0,R0][U0,R0][U1,R0][U1,R0][U1,R0][U1,R0][U1,R0][U0,R0][U1,R0][U1,R0]
[U1,R0][U1,R0][U1,R0][U0,R0][U1,R0][U1,R0][  X  ][U0,R0][U1,R0][U1,R0][U1,R0][U1,R0][U1,R0][U0,R0][U1,R0][U1,R0]
[U1,R0][U1,R0][U1,R0][U0,R0][U1,R0][U1,R0][U1,R0][  X  ][U1,R0][U1,R0][U1,R0][U1,R0][U1,R0][U0,R0][U1,R0][U1,R0]
[U1,R0][U1,R0][U1,R0][U0,R0][U1,R0][U1,R0][U1,R0][U1,R0][U0,R0][U0,R0][U0,R0][U0,R0][U0,R0][  X  ][U1,R0][U1,R0]
[U0,R0][U0,R0][U0,R0][  X  ][U1,R0][U1,R0][U1,R0][U1,R0][U0,R0][U0,R0][U0,R0][U0,R0][U0,R0][U1,R0][U0,R0][U0,R0]
[U0,R0][U0,R0][U0,R0][U1,R0][U0,R0][U0,R0][U0,R0][U0,R0][  X  ][U0,R0][U0,R0][U0,R0][U0,R0][U1,R0][U0,R0][U0,R0]
[U0,R0][U0,R0][U0,R0][U1,R0][U0,R0][U0,R0][U0,R0][U0,R0][U1,R0][  X  ][U0,R0][U0,R0][U0,R0][U1,R0][U0,R0][U0,R0]
[U0,R0][U0,R0][U0,R0][U1,R0][U0,R0][U0,R0][U0,R0][U0,R0][U1,R0][U1,R0][  X  ][U0,R0][U0,R0][U1,R0][U0,R0][U0,R0]
[U0,R0][U0,R0][U0,R0][U1,R0][U0,R0][U1,R0][U1,R0][U0,R0][U1,R0][U1,R0][U1,R0][  X  ][U0,R0][U1,R0][U0,R0][U0,R0]
[U0,R0][U0,R0][U0,R0][U1,R0][U0,R0][U1,R0][U1,R0][U0,R0][U1,R0][U1,R0][U1,R0][U1,R0][  X  ][U1,R0][U0,R0][U0,R0]
[U0,R0][U0,R0][U0,R0][U1,R0][U0,R0][U1,R0][U1,R0][U1,R0][U1,R0][U1,R0][U1,R0][U1,R0][U1,R0][U0,R0][  X  ][U0,R0]
[U0,R0][U0,R0][U0,R0][U1,R0][U0,R0][U1,R0][U1,R0][U1,R0][U1,R0][U1,R0][U1,R0][U1,R0][U1,R0][U0,R0][U1,R0][  X  ]
[  X  ][U0,R0][U0,R0][U1,R0][U0,R0][U1,R0][U1,R0][U1,R0][U1,R0][U1,R0][U1,R0][U1,R0][U1,R0][U0,R0][U1,R0][U1,R0]
[U1,R0][  X  ][U0,R0][U1,R0][U0,R0][U1,R0][U1,R0][U1,R0][U1,R0][U1,R0][U1,R0][U1,R0][U1,R0][U0,R0][U1,R0][U1,R0]
[U1,R0][U1,R0][  X  ][U1,R0][U0,R0][U1,R0][U1,R0][U1,R0][U1,R0][U1,R0][U1,R0][U1,R0][U1,R0][U0,R0][U1,R0][U1,R0]
[U1,R0][U1,R0][U1,R0][U0,R0][  X  ][U1,R0][U1,R0][U1,R0][U1,R0][U1,R0][U1,R0][U1,R0][U1,R0][U1,R0][U1,R0][U1,R0]
[U0,R0][U0,R0][U0,R0][  X  ][U1,R0][U0,R0][U0,R0][U0,R0][U0,R0][U0,R0][U0,R0][U0,R0][U0,R0][U0,R0][U0,R0][U0,R0]
[U0,R0][U0,R0][U0,R0][U1,R0][U0,R0][  X  ][U0,R0][U0,R0][U0,R0][U0,R0][U0,R0][U0,R0][U0,R0][U0,R0][U0,R0][U0,R0]
[U0,R0][U0,R0][U0,R0][U1,R0][U0,R0][U1,R0][  X  ][U0,R0][U0,R0][U0,R0][U0,R0][U0,R0][U0,R0][U0,R0][U0,R0][U0,R0]
[U1,R0][U0,R0][U0,R0][U1,R0][U0,R0][U1,R0][U1,R0][  X  ][U0,R0][U1,R0][U1,R0][U0,R0][U0,R0][U0,R0][U0,R0][U1,R0]
[U1,R0][U0,R0][U0,R0][U1,R0][U0,R0][U1,R0][U1,R0][U1,R0][  X  ][U1,R0][U1,R0][U0,R0][U0,R0][U0,R0][U0,R0][U1,R0]
[U1,R0][U1,R0][U1,R0][U1,R0][U0,R0][U1,R0][U1,R0][U1,R0][U1,R0][U0,R0][U0,R0][U0,R0][U0,R0][U0,R0][  X  ][U1,R0]
[U0,R0][U0,R0][U0,R0][U0,R0][  X  ][U1,R0][U1,R0][U1,R0][U1,R0][U0,R0][U0,R0][U0,R0][U0,R0][U0,R0][U1,R0][U0,R0]
[U0,R0][U0,R0][U0,R0][U1,R0][U1,R0][U0,R0][U0,R0][U0,R0][U0,R0][  X  ][U0,R0][U0,R0][U0,R0][U0,R0][U1,R0][U0,R0]
[U0,R0][U0,R0][U0,R0][U1,R0][U1,R0][U0,R0][U0,R0][U0,R0][U0,R0][U1,R0][  X  ][U0,R0][U0,R0][U0,R0][U1,R0][U0,R0]
[U0,R0][U0,R0][U0,R0][U1,R0][U1,R0][U0,R0][U0,R0][U0,R0][U0,R0][U1,R0][U1,R0][  X  ][U0,R0][U0,R0][U1,R0][U0,R0]
[U0,R0][U0,R0][U0,R0][U1,R0][U1,R0][U0,R0][U0,R0][U0,R0][U0,R0][U1,R0][U1,R0][U1,R1][  X  ][U0,R0][U1,R0][U0,R0]
[U0,R0][U0,R0][U0,R0][U1,R0][U1,R0][U0,R0][U0,R0][U0,R0][U0,R0][U1,R0][U1,R0][U1,R0][U1,R0][  X  ][U1,R0][U0,R0]
[U0,R0][U0,R0][U0,R0][U1,R0][U1,R0][U0,R0][U0,R0][U0,R0][U0,R0][U1,R0][U1,R0][U1,R0][U1,R0][U1,R0][U0,R0][  X  ]
[  X  ][U0,R0][U0,R0][U1,R0][U1,R0][U0,R0][U0,R0][U0,R0][U0,R0][U1,R0][U1,R0][U1,R0][U1,R0][U1,R0][U0,R0][U1,R0]
[U1,R1][  X  ][U0,R0][U1,R0][U1,R0][U0,R0][U0,R0][U0,R0][U0,R0][U1,R0][U1,R0][U1,R0][U1,R0][U1,R0][U0,R0][U1,R0]
[U1,R0][U1,R0][  X  ][U1,R0][U1,R0][U0,R0][U0,R0][U0,R0][U0,R0][U1,R0][U1,R0][U1,R0][U1,R0][U1,R0][U0,R0][U1,R0]
[U1,R0][U1,R0][U1,R0][U0,R0][U0,R0][  X  ][U0,R0][U0,R0][U0,R0][U1,R0][U1,R0][U1,R0][U1,R0][U1,R0][U0,R0][U1,R0]
[U1,R0][U1,R0][U1,R0][U0,R0][U0,R0][U1,R0][  X  ][U0,R0][U0,R0][U1,R0][U1,R0][U1,R0][U1,R0][U1,R0][U0,R0][U1,R0]
[U1,R0][U1,R0][U1,R0][U0,R0][U0,R0][U1,R0][U1,R1][  X  ][U0,R0][U1,R0][U1,R0][U1,R0][U1,R0][U1,R0][U0,R0][U1,R0]
[U1,R0][U1,R0][U1,R0][U0,R0][U0,R0][U1,R0][U1,R0][U1,R0][  X  ][U1,R0][U1,R0][U1,R0][U1,R0][U1,R0][U0,R0][U1,R0]
[U1,R0][U1,R0][U1,R0][U0,R0][U0,R0][U1,R0][U1,R0][U1,R0][U1,R0][U0,R0][U0,R0][U0,R0][U0,R0][U0,R0][  X  ][U1,R0]
[U0,R0][U0,R0][U0,R0][  X  ][U0,R0][U1,R0][U1,R0][U1,R0][U1,R0][U0,R0][U0,R0][U0,R0][U0,R0][U0,R0][U1,R0][U0,R0]
[U0,R0][U0,R0][U0,R0][U1,R0][  X  ][U1,R0][U1,R0][U1,R0][U1,R0][U0,R0][U0,R0][U0,R0][U0,R0][U0,R0][U1,R0][U0,R0]
[U0,R0][U0,R0][U0,R0][U1,R0][U1,R0][U0,R0][U0,R0][U0,R0][U0,R0][  X  ][U0,R0][U0,R0][U0,R0][U0,R0][U1,R0][U0,R0]
[U0,R0][U0,R0][U0,R0][U1,R0][U1,R0][U0,R0][U0,R0][U0,R0][U0,R0][U1,R0][  X  ][U0,R0][U0,R0][U0,R0][U1,R0][U0,R0]
[U0,R0][U0,R0][U0,R0][U1,R0][U1,R0][U0,R0][U0,R0][U0,R0][U0,R0][U1,R0][U1,R0][  X  ][U0,R0][U0,R0][U1,R0][U0,R0]
[U0,R0][U0,R0][U0,R0][U1,R0][U1,R0][U0,R0][U0,R0][U0,R0][U0,R0][U1,R0][U1,R0][U1,R0][  X  ][U0,R0][U1,R0][U0,R0]
[U0,R0][U0,R0][U0,R0][U1,R0][U1,R0][U0,R0][U0,R0][U0,R0][U0,R0][U1,R0][U1,R0][U1,R0][U1,R0][  X  ][U1,R0][U0,R0]
[U0,R0][U0,R0][U0,R0][U1,R0][U1,R0][U0,R0][U0,R0][U0,R0][U0,R0][U1,R0][U1,R0][U1,R0][U1,R0][U1,R1]<U0,R0>[  X  ]
[  X  ][U0,R0][U0,R0][U1,R0][U1,R0][U0,R0][U0,R0][U0,R0][U0,R0][U1,R0][U1,R0][U1,R0][U5,R0][U4,R0][U0,R0][U4,R0]
[U1,R1][  X  ][U0,R0][U1,R0][U1,R0][U0,R0][U0,R0][U0,R0][U0,R0][U1,R0][U1,R0][U1,R0][U5,R0][U4,R0][U0,R0][U4,R0]
[U1,R0][U1,R0][  X  ][U1,R0][U1,R0][U0,R0][U0,R0][U0,R0][U0,R0][U1,R0][U1,R0][U1,R0][U5,R0][U4,R0][U0,R0][U4,R0]
[U1,R0][U1,R0][U1,R0][U0,R0][U0,R0][  X  ][U0,R0][U0,R0][U0,R0][U1,R0][U1,R0][U1,R0][U5,R0][U4,R0][U0,R0][U4,R0]
[U1,R0][U1,R0][U1,R0][U0,R0][U0,R0][U1,R0][  X  ][U0,R0][U0,R0][U1,R0][U1,R0][U1,R0][U5,R0][U4,R0][U0,R0][U4,R0]
[U1,R0][U1,R0][U1,R0][U0,R0][U0,R0][U1,R0][U1,R1][  X  ][U0,R0][U1,R0][U1,R0][U1,R0][U5,R0][U4,R0][U0,R0][U4,R0]
[U1,R0][U1,R0][U1,R0][U0,R0][U0,R0][U1,R0][U1,R1]<U1,R0>[  X  ][U1,R0][U1,R0][U1,R0][U5,R0][U4,R0][U0,R0][U4,R0]
[U1,R0][U1,R0][U1,R0][U0,R0][U0,R0][U1,R0][U1,R0][U1,R0][U1,R0][U0,R0][U0,R0][U0,R0][U4,R0][U3,R0][  X  ][U4,R0]
[U0,R0][U0,R0][U0,R0][  X  ][U0,R0][U1,R0][U1,R0][U1,R0][U1,R0][U0,R0][U0,R0][U0,R0][U4,R0][U3,R0][U1,R1]<U3,R0>
[U0,R0][U0,R0][U0,R0][U1,R0][  X  ][U2,R0][U1,R0][U1,R0][U1,R0][U0,R0][U0,R0][U0,R0][U4,R0][U3,R0][U1,R0][U3,R0]
[U0,R0][U0,R0][U0,R0][U1,R0][U1,R1]<U1,R0>[U0,R0][U0,R0][U0,R0][  X  ][U0,R0][U0,R0][U4,R0][U3,R0][U1,R0][U3,R0]
[U0,R0][U0,R0][U0,R0][U1,R0][U1,R0][U1,R0][U0,R0][U0,R0][U0,R0][U1,R0][  X  ][U0,R0][U4,R0][U3,R0][U1,R0][U3,R0]
[U0,R0][U0,R0][U0,R0][U1,R0][U1,R0][U1,R0][U0,R0][U0,R0][U0,R0][U1,R0][U1,R0][  X  ][U4,R0][U3,R0][U1,R0][U3,R0]
[  X  ][U0,R0][U0,R0][U1,R0][U1,R0][U1,R0][U0,R0][U0,R0][U0,R0][U1,R0][U1,R0][U1,R0][U3,R0][U2,R0][U0,R0][U2,R0]
[U1,R1][  X  ][U0,R0][U1,R0][U1,R0][U1,R0][U0,R0][U0,R0][U0,R0][U1,R0][U1,R0][U1,R0][U3,R0][U2,R0][U0,R0][U2,R0]
[U1,R0][U1,R0][  X  ][U2,R0][U1,R0][U2,R0][U0,R0][U0,R0][U0,R0][U1,R0][U1,R0][U1,R0][U4,R0][U2,R0][U1,R0][U2,R0]
[U1,R0][U1,R0][U1,R1]<U1,R0>[U0,R0][U1,R0][  X  ][U0,R0][U0,R0][U1,R0][U1,R0][U1,R0][U4,R0][U2,R0][U1,R0][U2,R0]
[U2,R0][U2,R0][U1,R0][U1,R0][U0,R0][U1,R0][U1,R0][  X  ][U0,R0][U1,R0][U1,R0][U2,R0][U5,R0][U2,R0][U2,R1]<U2,R0>
[U2,R0][U2,R0][U2,R1]<U1,R0>[U0,R0][U2,R0][U1,R0][U1,R0][  X  ][U1,R0][U1,R0][U2,R0][U5,R0][U2,R0][U2,R0][U2,R0]
[U3,R1]<U1,R0>[U1,R0][U0,R0][  X  ][U2,R0][U1,R0][U1,R0][U1,R0][U0,R0][U0,R0][U2,R0][U4,R0][U1,R0][U1,R0][U1,R0]
[U3,R0][U1,R0][U1,R0][U0,R0][U1,R0][U1,R0][U0,R0][U0,R0][U0,R0][  X  ][U0,R0][U2,R0][U5,R0][U2,R1]<U1,R0>[U1,R0]
[U3,R0][U1,R0][U1,R0][U0,R0][U1,R0][U2,R0][U0,R0][U0,R0][U0,R0][U1,R0][  X  ][U2,R0][U5,R0][U2,R0][U1,R0][U1,R0]
[U2,R0][U0,R0][U0,R0][  X  ][U1,R0][U2,R0][U0,R0][U0,R0][U0,R0][U1,R0][U1,R1]<U1,R0>[U4,R0][U1,R0][U0,R0][U0,R0]
[U2,R0][U0,R0][U0,R0][U1,R0][U0,R0][U1,R0][  X  ][U0,R0][U0,R0][U1,R0][U1,R0][U1,R0][U5,R0][U1,R0][U1,R1]<U0,R0>
[U2,R0][U0,R0][U0,R0][U1,R0][U0,R0][U2,R0][U1,R0][  X  ][U0,R0][U1,R0][U1,R0][U1,R0][U5,R0][U1,R0][U1,R0][U0,R0]
[U2,R0][U0,R0][U0,R0][U1,R0][U0,R0][U2,R0][U1,R0][U1,R1][  X  ][U1,R0][U1,R0][U1,R0][U5,R0][U1,R0][U1,R0][U0,R0]
[U2,R0][U0,R0][U0,R0][U1,R0][U0,R0][U2,R0][U1,R0][U1,R1]<U1,R0>[U0,R0][U0,R0][U0,R0][U4,R0][U0,R0][U0,R0][  X  ]
[U1,R0][  X  ][U0,R0][U1,R0][U0,R0][U2,R0][U1,R0][U1,R1]<U1,R0>[U0,R0][U0,R0][U0,R0][U4,R0][U0,R0][U0,R0][U1,R0]
[U1,R0][U1,R0][  X  ][U1,R0][U0,R0][U2,R0][U1,R0][U1,R0][U1,R0][U0,R0][U0,R0][U0,R0][U4,R0][U0,R0][U0,R0][U1,R0]
[U1,R0][U1,R0][U1,R0][U0,R0][  X  ][U2,R0][U1,R0][U1,R0][U1,R0][U0,R0][U0,R0][U0,R0][U4,R0][U0,R0][U0,R0][U1,R0]
[U1,R0][U1,R0][U1,R0][U0,R0][U1,R1]<U1,R0>[U0,R0][U0,R0][U0,R0][  X  ][U0,R0][U0,R0][U4,R0][U0,R0][U0,R0][U1,R0]
[U1,R0][U1,R0][U1,R0][U0,R0][U1,R0][U1,R0][U0,R0][U0,R0][U0,R0][U1,R0][  X  ][U0,R0][U5,R0][U0,R0][U0,R0][U1,R0]
[U1,R0][U1,R0][U1,R0][U0,R0][U1,R0][U1,R0][U0,R0][U0,R0][U0,R0][U1,R0][U1,R1][  X  ][U5,R0][U0,R0][U0,R0][U1,R0]
[U1,R0][U1,R0][U1,R0][U0,R0][U1,R0][U2,R0][U0,R0][U0,R0][U0,R0][U1,R0][U1,R0][U1,R0][U4,R0][  X  ][U0,R0][U1,R0]
[U1,R0][U1,R0][U1,R0][U0,R0][U1,R0][U2,R0][U0,R0][U0,R0][U0,R0][U1,R0][U1,R0][U1,R0][U4,R0][U1,R1][  X  ][U1,R0]
[U0,R0][U0,R0][U0,R0][  X  ][U1,R0][U2,R0][U0,R0][U0,R0][U0,R0][U1,R0][U1,R0][U1,R0][U4,R0][U1,R1]<U1,R0>[U0,R0]
[U0,R0][U0,R0][U0,R0][U1,R0][U0,R0][U1,R0][  X  ][U0,R0][U0,R0][U1,R0][U1,R0][U1,R0][U4,R0][U1,R0][U1,R0][U0,R0]
[U0,R0][U0,R0][U0,R0][U1,R0][U0,R0][U1,R0][U1,R0][  X  ][U0,R0][U1,R0][U1,R0][U1,R0][U4,R0][U1,R0][U1,R0][U0,R0]
[U0,R0][U0,R0][U0,R0][U1,R0][U0,R0][U1,R0][U1,R0][U1,R1][  X  ][U1,R0][U1,R0][U1,R0][U4,R0][U1,R0][U1,R0][U0,R0]
[U0,R0][U0,R0][U0,R0][U1,R0][U0,R0][U2,R0][U2,R0][U2,R0][U2,R0][U0,R0][U1,R0][U1,R0][U4,R0][U1,R0][U1,R0][  X  ]
[  X  ][U0,R0][U0,R0][U1,R0][U0,R0][U2,R0][U2,R0][U2,R0][U2,R0][U0,R0][U1,R0][U1,R0][U4,R0][U1,R0][U1,R0][U1,R1]
[U1,R0][  X  ][U0,R0][U1,R0][U0,R0][U3,R0][U2,R0][U2,R0][U2,R0][U0,R0][U1,R0][U1,R0][U4,R0][U1,R0][U1,R0][U1,R0]
[U1,R0][U1,R1][  X  ][U1,R0][U0,R0][U3,R0][U2,R0][U2,R0][U2,R0][U0,R0][U1,R0][U1,R0][U4,R0][U1,R0][U1,R0][U1,R0]
[U1,R0][U1,R1]<U1,R0>[U0,R0][  X  ][U3,R0][U2,R0][U2,R0][U2,R0][U0,R0][U1,R0][U1,R0][U4,R0][U1,R0][U1,R0][U1,R0]
[U1,R0][U1,R0][U1,R0][U0,R0][U1,R0][U2,R0][U1,R0][U1,R0][U1,R0][  X  ][U1,R0][U1,R0][U4,R0][U1,R0][U1,R0][U1,R0]
[U0,R0][U0,R0][U0,R0][  X  ][U1,R0][U2,R0][U1,R0][U1,R0][U1,R0][U1,R1]<U0,R0>[U0,R0][U3,R0][U0,R0][U0,R0][U0,R0]
[U0,R0][U0,R0][U0,R0][U1,R0][U0,R0][U1,R0][U0,R0][U0,R0][U0,R0][U0,R0][  X  ][U0,R0][U4,R0][U0,R0][U0,R0][U0,R0]
[U0,R0][U0,R0][U0,R0][U1,R0][U0,R0][U2,R0][U0,R0][U0,R0][U0,R0][U0,R0][U1,R0][U0,R0][U3,R0][  X  ][U0,R0][U0,R0]
[U0,R0][U0,R0][U0,R0][U1,R0][U0,R0][U2,R0][U0,R0][U0,R0][U0,R0][U0,R0][U1,R0][U0,R0][U3,R0][U1,R0][  X  ][U0,R0]
[U0,R0][U0,R0][U0,R0][U1,R0][U0,R0][U2,R0][U0,R0][U0,R0][U0,R0][U0,R0][U1,R0][U0,R0][U3,R0][U1,R0][U1,R1][  X  ]
[  X  ][U0,R0][U0,R0][U1,R0][U0,R0][U2,R0][U1,R0][U0,R0][U0,R0][U0,R0][U1,R0][U0,R0][U3,R0][U1,R0][U1,R0][U1,R0]
[U2,R0][  X  ][U0,R0][U1,R0][U0,R0][U3,R0][U2,R0][U0,R0][U2,R0][U0,R0][U2,R0][U1,R0][U5,R0][U1,R0][U2,R0][U2,R0]
[U2,R0][U1,R1][  X  ][U1,R0][U0,R0][U3,R0][U2,R0][U0,R0][U2,R0][U0,R0][U2,R0][U1,R0][U5,R0][U1,R0][U2,R0][U2,R0]
[U2,R0][U1,R0][U1,R0][U0,R0][  X  ][U4,R0][U2,R0][U0,R0][U2,R0][U0,R0][U2,R0][U1,R0][U5,R0][U1,R0][U2,R0][U2,R0]
[U2,R0][U1,R0][U1,R0][U0,R0][U1,R1]<U3,R0>[U1,R0][  X  ][U2,R0][U0,R0][U2,R0][U1,R0][U5,R0][U1,R0][U2,R0][U2,R0]
[U2,R0][U1,R0][U1,R0][U0,R0][U1,R1]<U3,R0>[U1,R0][U1,R0][U1,R0][  X  ][U2,R0][U1,R0][U5,R0][U1,R0][U2,R0][U2,R0]
[U1,R0][U0,R0][U0,R0][  X  ][U1,R0][U4,R0][U1,R0][U1,R0][U1,R0][U1,R0][U2,R0][U1,R0][U4,R0][U2,R1]<U1,R0>[U1,R0]
[U1,R0][  X  ][U0,R0][U1,R0][U0,R0][U3,R0][U1,R0][U0,R0][U1,R0][U0,R0][U3,R1]<U0,R0>[U4,R0][U1,R0][U0,R0][U0,R0]
[U1,R0][U1,R0][  X  ][U1,R0][U0,R0][U4,R0][U1,R0][U0,R0][U1,R0][U0,R0][U3,R0][U0,R0][U4,R0][U1,R0][U1,R1]<U0,R0>
[U1,R0][U1,R0][U1,R0][U0,R0][  X  ][U4,R0][U2,R0][U0,R0][U1,R0][U0,R0][U3,R0][U0,R0][U4,R0][U1,R0][U1,R0][U0,R0]
[U1,R0][U1,R0][U1,R0][U0,R0][U1,R1]<U3,R0>[U1,R0][  X  ][U1,R0][U0,R0][U3,R0][U0,R0][U4,R0][U1,R0][U1,R0][U0,R0]
[U1,R0][U1,R0][U1,R0][U0,R0][U1,R0][U3,R0][U1,R0][U1,R0][U0,R0][  X  ][U3,R0][U0,R0][U5,R0][U1,R0][U1,R0][U0,R0]
[U1,R0][U1,R0][U1,R0][U0,R0][U1,R0][U3,R0][U1,R0][U1,R0][U0,R0][U1,R1]<U2,R0>[  X  ][U5,R0][U1,R0][U1,R0][U0,R0]
[U1,R0][U1,R0][U1,R0][U0,R0][U1,R0][U4,R0][U1,R0][U1,R0][U0,R0][U1,R0][U2,R0][U1,R0][U4,R0][U0,R0][U0,R0][  X  ]
[U0,R0][U0,R0][U0,R0][  X  ][U1,R0][U4,R0][U1,R0][U1,R0][U0,R0][U1,R0][U2,R0][U1,R0][U4,R0][U0,R0][U0,R0][U1,R1]
[U0,R0][U0,R0][U0,R0][U1,R0][U0,R0][U3,R0][U0,R0][U0,R0][  X  ][U1,R0][U2,R0][U1,R0][U4,R0][U0,R0][U0,R0][U1,R1]
[U0,R0][U0,R0][U0,R0][U1,R0][U0,R0][U3,R0][U0,R0][U0,R0][U1,R0][U0,R0][U3,R1]<U0,R0>[U4,R0][  X  ][U0,R0][U1,R0]
[U0,R0][U0,R0][U0,R0][U1,R0][U0,R0][U4,R0][U0,R0][U0,R0][U1,R0][U0,R0][U3,R0][U0,R0][U4,R0][U1,R0][  X  ][U1,R0]
[  X  ][U0,R0][U0,R0][U1,R0][U0,R0][U4,R0][U0,R0][U0,R0][U1,R0][U0,R0][U3,R0][U0,R0][U4,R0][U1,R0][U1,R1]<U0,R0>
[U1,R0][  X  ][U0,R0][U1,R0][U0,R0][U4,R0][U0,R0][U0,R0][U1,R0][U0,R0][U3,R0][U0,R0][U4,R0][U1,R0][U1,R1]<U0,R0>
[U1,R0][U1,R0][  X  ][U1,R0][U0,R0][U4,R0][U1,R0][U0,R0][U1,R0][U0,R0][U3,R0][U0,R0][U4,R0][U1,R0][U1,R0][U0,R0]
[U1,R0][U1,R0][U1,R1]<U0,R0>[  X  ][U4,R0][U1,R0][U0,R0][U1,R0][U0,R0][U3,R0][U0,R0][U4,R0][U1,R0][U1,R0][U0,R0]
[U1,R0][U1,R0][U1,R0][U0,R0][U1,R0][U3,R0][U0,R0][  X  ][U1,R0][U0,R0][U3,R0][U0,R0][U4,R0][U1,R0][U1,R0][U0,R0]
[U1,R0][U1,R0][U1,R0][U0,R0][U1,R0][U3,R0][U0,R0][U1,R0][U0,R0][  X  ][U3,R0][U0,R0][U4,R0][U1,R0][U1,R0][U0,R0]
[U1,R0][U1,R0][U1,R0][U0,R0][U1,R0][U3,R0][U0,R0][U1,R0][U0,R0][U1,R1]<U2,R0>[  X  ][U4,R0][U1,R0][U1,R0][U0,R0]
[U1,R0][U1,R0][U1,R0][U0,R0][U1,R0][U3,R0][U0,R0][U1,R0][U0,R0][U1,R0][U2,R0][U1,R0][U3,R0][U0,R0][U0,R0][  X  ]
[U0,R0][U0,R0][U0,R0][  X  ][U1,R0][U3,R0][U0,R0][U1,R0][U0,R0][U1,R0][U2,R0][U1,R0][U3,R0][U0,R0][U0,R0][U1,R0]
[U0,R0][U0,R0][U0,R0][U1,R1]<U0,R0>[U2,R0][  X  ][U1,R0][U0,R0][U1,R0][U2,R0][U1,R0][U3,R0][U0,R0][U0,R0][U1,R0]
[U0,R0][U0,R0][U0,R0][U1,R1]<U0,R0>[U2,R0][U1,R0][U0,R0][  X  ][U1,R0][U2,R0][U1,R0][U3,R0][U0,R0][U0,R0][U1,R0]
[U0,R0][U0,R0][U0,R0][U1,R0][U0,R0][U2,R0][U1,R0][U0,R0][U1,R1]<U0,R0>[U1,R0][U0,R0][U2,R0][  X  ][U0,R0][U1,R0]
[U0,R0][U0,R0][U0,R0][U1,R0][U0,R0][U2,R0][U1,R0][U0,R0][U1,R0][U0,R0][U1,R0][U0,R0][U2,R0][U1,R0][  X  ][U1,R0]
[  X  ][U0,R0][U0,R0][U1,R0][U0,R0][U2,R0][U1,R0][U0,R0][U1,R0][U0,R0][U1,R0][U0,R0][U2,R0][U1,R0][U1,R0][U0,R0]
[U1,R1][  X  ][U0,R0][U1,R0][U0,R0][U2,R0][U1,R0][U0,R0][U1,R0][U0,R0][U1,R0][U0,R0][U2,R0][U1,R0][U1,R0][U0,R0]
[U1,R0][U1,R0][  X  ][U1,R0][U0,R0][U2,R0][U1,R0][U0,R0][U1,R0][U0,R0][U2,R1]<U0,R0>[U3,R0][U1,R0][U1,R0][U0,R0]
[U1,R0][U1,R0][U1,R0][U0,R0][  X  ][U3,R0][U1,R0][U0,R0][U1,R0][U0,R0][U2,R0][U0,R0][U3,R0][U1,R0][U1,R0][U0,R0]
[U1,R0][U1,R0][U1,R0][U0,R0][U1,R1]<U2,R0>[U0,R0][  X  ][U1,R0][U0,R0][U2,R0][U0,R0][U3,R0][U1,R0][U1,R0][U0,R0]
[U1,R0][U1,R0][U1,R0][U0,R0][U1,R0][U2,R0][U0,R0][U1,R0][U0,R0][  X  ][U2,R0][U0,R0][U3,R0][U1,R0][U1,R0][U0,R0]
[U1,R0][U1,R0][U1,R0][U0,R0][U1,R0][U2,R0][U0,R0][U1,R0][U0,R0][U1,R0][U1,R0][  X  ][U3,R0][U1,R0][U1,R0][U0,R0]
[U1,R0][U1,R0][U1,R0][U0,R0][U1,R0][U2,R0][U0,R0][U1,R0][U0,R0][U1,R0][U1,R0][U1,R1]<U2,R0>[U0,R0][U0,R0][  X  ]
[U0,R0][U0,R0][U0,R0][  X  ][U1,R0][U2,R0][U0,R0][U1,R0][U0,R0][U1,R0][U1,R0][U1,R0][U3,R0][U0,R0][U0,R0][U1,R0]
[U0,R0][U0,R0][U0,R0][U1,R1]<U0,R0>[U1,R0][  X  ][U1,R0][U0,R0][U1,R0][U1,R0][U1,R0][U3,R0][U0,R0][U0,R0][U1,R0]
[U0,R0][U0,R0][U0,R0][U1,R0][U0,R0][U2,R0][U1,R0][U0,R0][  X  ][U1,R0][U1,R0][U1,R0][U3,R0][U0,R0][U0,R0][U1,R0]
[U0,R0][U0,R0][U0,R0][U1,R0][U0,R0][U2,R0][U1,R0][U0,R0][U1,R1]<U0,R0>[U0,R0][U0,R0][U2,R0][  X  ][U0,R0][U1,R0]
[U0,R0][U0,R0][U0,R0][U1,R0][U0,R0][U2,R0][U1,R0][U0,R0][U1,R1]<U0,R0>[U0,R0][U0,R0][U2,R0][U1,R0][  X  ][U1,R0]
[  X  ][U0,R0][U0,R0][U1,R0][U0,R0][U2,R0][U1,R0][U0,R0][U1,R1]<U0,R0>[U0,R0][U0,R0][U2,R0][U1,R0][U1,R0][U0,R0]
[U1,R1][  X  ][U0,R0][U1,R0][U0,R0][U2,R0][U1,R0][U0,R0][U1,R0][U0,R0][U0,R0][U0,R0][U2,R0][U1,R0][U1,R0][U0,R0]
[U1,R0][U1,R0][  X  ][U1,R0][U0,R0][U2,R0][U1,R0][U0,R0][U1,R0][U0,R0][U1,R1]<U0,R0>[U3,R0][U1,R0][U1,R0][U0,R0]
[U1,R0][U1,R0][U1,R0][U0,R0][U1,R1]<U2,R0>[U0,R0][  X  ][U1,R0][U0,R0][U1,R0][U0,R0][U3,R0][U1,R0][U1,R0][U0,R0]
[U0,R0][U0,R0][U0,R0][  X  ][U1,R0][U2,R0][U0,R0][U1,R0][U0,R0][U0,R0][U2,R1]<U0,R0>[U3,R0][U0,R0][U0,R0][U0,R0]
[U0,R0][U0,R0][U0,R0][U1,R0][U2,R1]<U2,R0>[  X  ][U1,R0][U0,R0][U0,R0][U2,R0][U0,R0][U3,R0][U0,R0][U0,R0][U0,R0]
[U0,R0][U0,R0][U0,R0][U1,R0][U2,R0][U2,R0][U1,R0][U0,R0][  X  ][U1,R0][U2,R0][U1,R1]<U3,R0>[U0,R0][U0,R0][U0,R0]
[U0,R0][U0,R0][U0,R0][U1,R0][U2,R0][U2,R0][U1,R0][U0,R0][U1,R0][U0,R0][U1,R0][U0,R0][U3,R0][  X  ][U0,R0][U0,R0]
[U0,R0][U0,R0][U0,R0][U1,R0][U2,R0][U2,R0][U1,R0][U0,R0][U1,R0][U0,R0][U1,R0][U0,R0][U3,R0][U1,R1][  X  ][U0,R0]
[U0,R0][U0,R0][U0,R0][U1,R0][U2,R0][U3,R0][U1,R0][U0,R0][U1,R0][U0,R0][U1,R0][U0,R0][U3,R0][U1,R0][U1,R0][  X  ]
[  X  ][U0,R0][U0,R0][U1,R0][U2,R0][U3,R0][U1,R0][U0,R0][U1,R0][U0,R0][U1,R0][U0,R0][U3,R0][U1,R0][U1,R0][U1,R1]
[U1,R1][  X  ][U0,R0][U1,R0][U2,R0][U3,R0][U1,R0][U0,R0][U1,R0][U0,R0][U1,R0][U0,R0][U3,R0][U1,R0][U1,R0][U1,R0]
[U1,R0][U1,R1][  X  ][U1,R0][U2,R0][U3,R0][U1,R0][U0,R0][U1,R0][U0,R0][U1,R0][U0,R0][U3,R0][U1,R0][U1,R0][U1,R0]
[U1,R0][U1,R0][U1,R0][U0,R0][U1,R0][U2,R0][U0,R0][  X  ][U1,R0][U0,R0][U1,R0][U0,R0][U3,R0][U1,R0][U1,R0][U1,R0]
[U1,R0][U1,R0][U1,R0][U0,R0][U1,R0][U2,R0][U0,R0][U1,R1]<U0,R0>[  X  ][U1,R0][U0,R0][U3,R0][U1,R0][U1,R0][U1,R0]
[U1,R0][U1,R0][U1,R0][U1,R0][U2,R0][U3,R0][U1,R0][U1,R0][U0,R0][U1,R0][U1,R0][  X  ][U4,R0][U1,R0][U1,R0][U1,R0]
[U0,R0][U0,R0][U0,R0][U0,R0][U1,R0][U2,R0][U0,R0][U0,R0][  X  ][U1,R0][U1,R0][U1,R0][U3,R0][U0,R0][U0,R0][U0,R0]
[U0,R0][U0,R0][U0,R0][U0,R0][U1,R0][U2,R0][U0,R0][U0,R0][U1,R1]<U0,R0>[U0,R0][U0,R0][U2,R0][  X  ][U0,R0][U0,R0]
[U0,R0][U0,R0][U0,R0][U0,R0][U1,R0][U2,R0][U0,R0][U0,R0][U1,R0][U0,R0][U0,R0][U0,R0][U3,R0][U1,R0][  X  ][U0,R0]
[U0,R0][U0,R0][U0,R0][U0,R0][U1,R0][U2,R0][U0,R0][U0,R0][U1,R0][U0,R0][U0,R0][U0,R0][U3,R0][U1,R0][U1,R1][  X  ]
[  X  ][U0,R0][U0,R0][U0,R0][U1,R0][U3,R0][U0,R0][U0,R0][U1,R0][U0,R0][U0,R0][U0,R0][U3,R0][U1,R0][U1,R0][U1,R0]
[U1,R1][  X  ][U0,R0][U0,R0][U1,R0][U3,R0][U0,R0][U0,R0][U1,R0][U0,R0][U0,R0][U0,R0][U3,R0][U1,R0][U1,R0][U1,R0]
[U1,R0][U1,R0][  X  ][U0,R0][U1,R0][U3,R0][U0,R0][U0,R0][U1,R0][U0,R0][U0,R0][U0,R0][U4,R0][U1,R0][U2,R1]<U1,R0>
[U2,R1]<U1,R0>[U1,R0][  X  ][U1,R0][U4,R0][U0,R0][U0,R0][U1,R0][U0,R0][U0,R0][U0,R0][U4,R0][U1,R0][U2,R0][U1,R0]
[U2,R0][U1,R0][U1,R0][U1,R0][U0,R0][U3,R0][  X  ][U0,R0][U1,R0][U0,R0][U0,R0][U1,R0][U4,R0][U1,R0][U2,R0][U1,R0]
[U2,R0][U1,R0][U1,R0][U1,R0][U0,R0][U3,R0][U1,R1][  X  ][U1,R0][U0,R0][U0,R0][U1,R0][U4,R0][U1,R0][U2,R0][U1,R0]
[U3,R0][U1,R0][U2,R0][U2,R0][U0,R0][U4,R0][U2,R0][U2,R0][U0,R0][  X  ][U0,R0][U2,R0][U5,R0][U1,R0][U3,R0][U1,R0]
[U3,R0][U1,R0][U2,R0][U2,R0][U0,R0][U4,R0][U2,R0][U2,R0][U0,R0][U1,R1][  X  ][U2,R0][U5,R0][U1,R0][U3,R0][U1,R0]
[U2,R0][U0,R0][U1,R0][U1,R0][  X  ][U5,R0][U2,R0][U2,R0][U0,R0][U1,R0][U1,R0][U1,R0][U4,R0][U0,R0][U2,R0][U0,R0]
[U2,R0][U0,R0][U1,R0][U1,R0][U1,R1]<U4,R0>[U1,R0][U1,R0][  X  ][U1,R0][U1,R0][U1,R0][U4,R0][U0,R0][U2,R0][U0,R0]
[U2,R0][U0,R0][U1,R0][U1,R0][U1,R1]<U4,R0>[U1,R0][U1,R0][U1,R0][U0,R0][U0,R0][U0,R0][U3,R0][  X  ][U2,R0][U0,R0]
[U2,R0][U0,R0][U1,R0][U1,R0][U1,R0][U4,R0][U1,R0][U1,R0][U1,R0][U0,R0][U0,R0][U0,R0][U4,R0][U1,R0][U1,R0][  X  ]
[U1,R0][  X  ][U1,R0][U1,R0][U1,R0][U4,R0][U1,R0][U1,R0][U1,R0][U0,R0][U0,R0][U0,R0][U4,R0][U1,R0][U1,R0][U1,R1]
[U1,R0][U1,R0][U0,R0][U0,R0][U0,R0][U4,R0][U0,R0][U0,R0][U0,R0][  X  ][U0,R0][U0,R0][U4,R0][U1,R0][U1,R0][U1,R0]
[U1,R0][U1,R0][U0,R0][U0,R0][U0,R0][U4,R0][U0,R0][U0,R0][U0,R0][U1,R1][  X  ][U0,R0][U4,R0][U1,R0][U1,R0][U1,R0]
[U0,R0][U0,R0][  X  ][U0,R0][U0,R0][U4,R0][U0,R0][U0,R0][U0,R0][U1,R0][U1,R0][U0,R0][U3,R0][U0,R0][U0,R0][U0,R0]
[U0,R0][U0,R0][U1,R1][  X  ][U0,R0][U4,R0][U0,R0][U0,R0][U0,R0][U1,R0][U1,R0][U0,R0][U3,R0][U0,R0][U0,R0][U0,R0]
[U0,R0][U1,R0][U2,R0][U2,R0][  X  ][U5,R0][U0,R0][U0,R0][U0,R0][U2,R0][U2,R0][U1,R0][U5,R0][U0,R0][U0,R0][U2,R1]
[U0,R0][U1,R0][U2,R0][U2,R0][U1,R0][U4,R0][  X  ][U0,R0][U0,R0][U2,R0][U2,R0][U1,R0][U5,R0][U0,R0][U0,R0][U2,R0]
[U0,R0][U1,R0][U2,R0][U2,R0][U1,R0][U4,R0][U1,R1][  X  ][U0,R0][U2,R0][U2,R0][U1,R0][U5,R0][U0,R0][U0,R0][U2,R0]
[U0,R0][U1,R0][U2,R0][U2,R0][U1,R0][U4,R0][U1,R1]<U1,R0>[  X  ][U2,R0][U2,R0][U1,R0][U5,R0][U0,R0][U0,R0][U2,R0]
[U0,R0][U3,R0][U4,R0][U4,R0][U1,R0][U5,R0][U1,R0][U1,R0][U1,R0][U3,R0][U3,R0][U2,R0][U4,R0][  X  ][U0,R0][U4,R0]
[U0,R0][U3,R0][U4,R0][U4,R0][U1,R0][U5,R0][U1,R0][U1,R0][U1,R0][U3,R0][U3,R0][U2,R0][U4,R0][U1,R1][  X  ][U4,R0]
[  X  ][U3,R0][U4,R0][U4,R0][U1,R0][U5,R0][U1,R0][U1,R0][U1,R0][U3,R0][U3,R0][U2,R0][U4,R0][U1,R0][U1,R0][U3,R0]
[U1,R1]<U1,R0>[U2,R0][U2,R0][  X  ][U4,R0][U0,R0][U0,R0][U0,R0][U2,R0][U2,R0][U1,R0][U3,R0][U0,R0][U0,R0][U2,R0]
[U1,R1]<U1,R0>[U2,R0][U2,R0][U1,R0][U3,R0][  X  ][U0,R0][U0,R0][U2,R0][U2,R0][U1,R0][U3,R0][U0,R0][U0,R0][U2,R0]
[U1,R0][U1,R0][U2,R0][U2,R0][U1,R0][U3,R0][U1,R0][  X  ][U0,R0][U2,R0][U2,R0][U1,R0][U4,R0][U0,R0][U0,R0][U2,R0]
[U1,R0][U1,R0][U2,R0][U2,R0][U1,R0][U3,R0][U1,R0][U1,R1][  X  ][U2,R0][U2,R0][U1,R0][U4,R0][U0,R0][U0,R0][U2,R0]
[U1,R0][U1,R0][U2,R0][U2,R0][U1,R0][U4,R0][U1,R0][U1,R0][U1,R0][U1,R0][U1,R0][U0,R0][U3,R0][  X  ][U0,R0][U2,R0]
[U1,R0][U1,R0][U2,R0][U2,R0][U1,R0][U4,R0][U1,R0][U1,R0][U1,R0][U1,R0][U1,R0][U0,R0][U3,R0][U1,R1][  X  ][U2,R0]
[  X  ][U0,R0][U3,R1]<U1,R0>[U0,R0][U3,R0][U0,R0][U0,R0][U0,R0][U0,R0][U0,R0][U0,R0][U2,R0][U0,R0][U0,R0][U0,R0]
[U1,R0][  X  ][U4,R1]<U1,R0>[U0,R0][U4,R0][U0,R0][U1,R0][U1,R0][U0,R0][U0,R0][U1,R0][U3,R0][U1,R0][U1,R0][U0,R0]
[U1,R0][U1,R0][U3,R0][U0,R0][  X  ][U4,R0][U0,R0][U1,R0][U1,R0][U0,R0][U0,R0][U1,R0][U4,R0][U1,R0][U1,R0][U0,R0]
[U1,R0][U1,R0][U3,R0][U0,R0][U1,R1]<U3,R0>[  X  ][U1,R0][U1,R0][U0,R0][U0,R0][U1,R0][U4,R0][U1,R0][U1,R0][U0,R0]
[U1,R0][U1,R0][U3,R0][U0,R0][U1,R0][U4,R0][U1,R0][U0,R0][U0,R0][  X  ][U0,R0][U1,R0][U4,R0][U1,R0][U1,R0][U0,R0]
[U1,R0][U1,R0][U3,R0][U0,R0][U1,R0][U4,R0][U1,R0][U0,R0][U0,R0][U1,R1][  X  ][U1,R0][U4,R0][U1,R0][U1,R0][U0,R0]
[U1,R0][U1,R0][U3,R0][U0,R0][U1,R0][U4,R0][U1,R0][U0,R0][U0,R0][U1,R1]<U1,R0>[U0,R0][U3,R0][U0,R0][U0,R0][  X  ]
[U0,R0][U0,R0][U2,R0][  X  ][U1,R0][U5,R0][U1,R0][U1,R0][U1,R0][U1,R0][U1,R0][U0,R0][U4,R0][U1,R1]<U0,R0>[U1,R0]
[U0,R0][U0,R0][U2,R0][U1,R0][U0,R0][U4,R0][U0,R0][U0,R0][U0,R0][U0,R0][U0,R0][U0,R0][U3,R0][U0,R0][  X  ][U1,R0]
[  X  ][U1,R0][U2,R0][U1,R0][U0,R0][U4,R0][U0,R0][U1,R1]<U0,R0>[U0,R0][U0,R0][U0,R0][U4,R0][U0,R0][U1,R0][U0,R0]
[U1,R0][U1,R0][U1,R0][U1,R0][U1,R1]<U4,R0>[  X  ][U1,R0][U0,R0][U0,R0][U0,R0][U1,R0][U5,R0][U1,R0][U2,R0][U0,R0]
[U1,R0][U1,R0][U1,R0][U1,R0][U1,R0][U5,R0][U1,R0][U0,R0][  X  ][U0,R0][U0,R0][U1,R0][U5,R0][U1,R0][U2,R0][U0,R0]
[U1,R0][U1,R0][U1,R0][U1,R0][U1,R0][U5,R0][U1,R0][U0,R0][U1,R1][  X  ][U0,R0][U1,R0][U5,R0][U1,R0][U2,R0][U0,R0]
[U1,R0][U1,R0][U1,R0][U1,R0][U1,R0][U5,R0][U1,R0][U0,R0][U1,R1]<U1,R0>[  X  ][U1,R0][U5,R0][U1,R0][U2,R0][U0,R0]
[U1,R0][U1,R0][U1,R0][U1,R0][U1,R0][U5,R0][U1,R0][U0,R0][U1,R1]<U1,R0>[U1,R0][U0,R0][U4,R0][U0,R0][U1,R0][  X  ]
[U1,R0][U0,R0][U0,R0][U0,R0][U0,R0][U4,R0][U0,R0][U0,R0][U0,R0][U0,R0][U0,R0][  X  ][U5,R0][U1,R1]<U1,R0>[U1,R0]
[U0,R0][  X  ][U0,R0][U0,R0][U0,R0][U4,R0][U0,R0][U0,R0][U0,R0][U0,R0][U0,R0][U1,R0][U4,R0][U0,R0][U0,R0][U0,R0]
[U0,R0][U1,R0][  X  ][U0,R0][U0,R0][U4,R0][U0,R0][U0,R0][U0,R0][U0,R0][U0,R0][U1,R0][U4,R0][U0,R0][U1,R1]<U0,R0>
[U0,R0][U1,R0][U1,R0][  X  ][U0,R0][U4,R0][U0,R0][U0,R0][U0,R0][U0,R0][U0,R0][U1,R0][U5,R0][U0,R0][U1,R0][U0,R0]
[U0,R0][U1,R0][U1,R0][U1,R1][  X  ][U4,R0][U0,R0][U0,R0][U0,R0][U0,R0][U0,R0][U1,R0][U5,R0][U0,R0][U1,R0][U0,R0]
[U0,R0][U1,R0][U1,R0][U1,R0][U1,R0][U4,R0][  X  ][U0,R0][U0,R0][U0,R0][U0,R0][U1,R0][U5,R0][U0,R0][U1,R0][U0,R0]
[U0,R0][U1,R0][U1,R0][U1,R0][U1,R0][U4,R0][U1,R1][  X  ][U0,R0][U0,R0][U0,R0][U1,R0][U5,R0][U0,R0][U1,R0][U0,R0]
[U1,R0][U1,R0][U1,R0][U2,R0][U1,R0][U5,R0][U2,R1]<U1,R0>[  X  ][U0,R0][U0,R0][U2,R0][U5,R0][U0,R0][U1,R0][U0,R0]
[U1,R0][U2,R0][U2,R0][U3,R1]<U1,R0>[U5,R0][U2,R0][U1,R0][U1,R0][  X  ][U0,R0][U2,R0][U5,R0][U0,R0][U2,R0][U0,R0]
[U1,R0][U3,R0][U3,R0][U3,R0][U1,R0][U5,R0][U3,R0][U1,R0][U2,R0][U1,R0][  X  ][U2,R0][U5,R0][U0,R0][U3,R0][U0,R0]
[U1,R0][U4,R0][U4,R0][U4,R0][U1,R0][U5,R0][U3,R0][U1,R0][U3,R0][U2,R0][U1,R0][U1,R0][U4,R0][U0,R0][U3,R0][  X  ]
[U0,R0][U3,R0][U3,R0][U3,R0][U0,R0][U4,R0][U2,R0][U0,R0][U2,R0][U1,R0][U0,R0][U0,R0][U3,R0][  X  ][U3,R0][U1,R0]
[  X  ][U3,R0][U3,R0][U3,R0][U0,R0][U4,R0][U2,R0][U0,R0][U2,R0][U1,R0][U0,R0][U0,R0][U3,R0][U1,R1]<U2,R0>[U0,R0]
[U1,R0][U2,R0][U2,R0][U2,R0][  X  ][U4,R0][U2,R0][U0,R0][U2,R0][U1,R0][U0,R0][U0,R0][U3,R0][U1,R0][U2,R0][U0,R0]
[U1,R0][U2,R0][U2,R0][U2,R0][U1,R0][U3,R0][U1,R0][  X  ][U2,R0][U1,R0][U0,R0][U0,R0][U3,R0][U1,R0][U2,R0][U0,R0]
[U1,R0][U2,R0][U2,R0][U2,R0][U1,R0][U3,R0][U1,R0][U1,R1]<U1,R0>[U0,R0][  X  ][U0,R0][U3,R0][U1,R0][U2,R0][U0,R0]
[U1,R0][U2,R0][U2,R0][U2,R0][U1,R0][U3,R0][U1,R0][U1,R0][U1,R0][U0,R0][U1,R0][  X  ][U3,R0][U1,R0][U2,R0][U0,R0]
[U1,R0][U2,R0][U2,R0][U2,R0][U1,R0][U3,R0][U1,R0][U1,R0][U1,R0][U0,R0][U1,R0][U1,R0][U2,R0][U0,R0][U1,R0][  X  ]
[U0,R0][U1,R0][U1,R0][U1,R0][U0,R0][U2,R0][U0,R0][U0,R0][U0,R0][  X  ][U1,R0][U1,R0][U2,R0][U0,R0][U1,R0][U1,R1]
[U0,R0][U1,R0][U1,R0][U1,R0][U0,R0][U2,R0][U0,R0][U0,R0][U0,R0][U1,R0][U0,R0][U0,R0][U2,R0][  X  ][U1,R0][U1,R0]
[  X  ][U1,R0][U1,R0][U1,R0][U0,R0][U2,R0][U0,R0][U0,R0][U0,R0][U1,R0][U0,R0][U0,R0][U2,R0][U1,R1]<U0,R0>[U0,R0]
[U1,R0][U0,R0][U0,R0][U0,R0][  X  ][U3,R0][U0,R0][U0,R0][U0,R0][U1,R0][U0,R0][U0,R0][U2,R0][U1,R0][U0,R0][U0,R0]
[U1,R0][U1,R0][U1,R0][U0,R0][U1,R0][U2,R0][  X  ][U0,R0][U1,R0][U1,R0][U0,R0][U0,R0][U3,R0][U2,R1]<U1,R0>[U0,R0]
[U1,R0][U1,R0][U1,R0][U0,R0][U1,R0][U3,R0][U1,R0][  X  ][U1,R0][U1,R0][U0,R0][U0,R0][U3,R0][U2,R0][U1,R0][U0,R0]
[U1,R0][U1,R0][U1,R0][U0,R0][U1,R0][U3,R0][U1,R0][U1,R1]<U0,R0>[U0,R0][  X  ][U0,R0][U3,R0][U2,R0][U1,R0][U0,R0]
[U1,R0][U2,R0][U1,R0][U0,R0][U1,R0][U3,R0][U1,R0][U1,R0][U0,R0][U0,R0][U1,R0][  X  ][U3,R0][U2,R0][U1,R0][U0,R0]
[U1,R0][U2,R0][U1,R0][U0,R0][U1,R0][U3,R0][U1,R0][U1,R0][U0,R0][U0,R0][U1,R0][U1,R1]<U2,R0>[U1,R0][U0,R0][  X  ]
[U0,R0][U1,R0][U0,R0][  X  ][U1,R0][U3,R0][U1,R0][U1,R0][U0,R0][U0,R0][U1,R0][U1,R0][U3,R0][U1,R0][U0,R0][U1,R0]
[U0,R0][U1,R0][U0,R0][U1,R1]<U0,R0>[U2,R0][U0,R0][U0,R0][  X  ][U0,R0][U1,R0][U1,R0][U3,R0][U1,R0][U0,R0][U1,R0]
[U0,R0][U1,R0][U0,R0][U1,R0][U0,R0][U3,R0][U0,R0][U0,R0][U1,R0][  X  ][U1,R0][U1,R0][U3,R0][U1,R0][U0,R0][U1,R0]
[U0,R0][U1,R0][U0,R0][U1,R0][U0,R0][U3,R0][U0,R0][U0,R0][U1,R0][U1,R1]<U0,R0>[U0,R0][U2,R0][U0,R0][  X  ][U1,R0]
[  X  ][U1,R0][U0,R0][U1,R0][U0,R0][U3,R0][U0,R0][U0,R0][U1,R0][U1,R1]<U0,R0>[U0,R0][U2,R0][U0,R0][U1,R0][U0,R0]
[U1,R0][U0,R0][  X  ][U2,R1]<U0,R0>[U3,R0][U0,R0][U0,R0][U1,R0][U1,R0][U0,R0][U0,R0][U3,R0][U0,R0][U1,R0][U0,R0]
[U1,R0][U0,R0][U1,R0][U1,R0][  X  ][U4,R0][U0,R0][U0,R0][U1,R0][U2,R1]<U0,R0>[U0,R0][U3,R0][U0,R0][U1,R0][U0,R0]
[U1,R0][U0,R0][U1,R0][U1,R0][U1,R1]<U3,R0>[  X  ][U0,R0][U1,R0][U2,R0][U0,R0][U0,R0][U3,R0][U0,R0][U1,R0][U0,R0]
[U1,R0][U0,R0][U1,R0][U1,R0][U1,R0][U3,R0][U1,R1][  X  ][U1,R0][U2,R0][U0,R0][U0,R0][U3,R0][U0,R0][U1,R0][U0,R0]
[U1,R0][U0,R0][U1,R0][U1,R0][U1,R0][U3,R0][U1,R1]<U1,R0>[U0,R0][U1,R0][  X  ][U0,R0][U3,R0][U0,R0][U1,R0][U0,R0]
[U1,R0][U0,R0][U1,R0][U1,R0][U1,R0][U3,R0][U1,R1]<U1,R0>[U0,R0][U1,R0][U1,R0][  X  ][U3,R0][U0,R0][U1,R0][U0,R0]
[U1,R0][U0,R0][U1,R0][U1,R0][U1,R0][U3,R0][U1,R0][U1,R0][U0,R0][U1,R0][U1,R0][U1,R0][U3,R0][  X  ][U1,R0][U0,R0]
[U1,R0][U0,R0][U1,R0][U1,R0][U1,R0][U3,R0][U1,R0][U1,R0][U0,R0][U1,R0][U1,R0][U1,R0][U3,R0][U1,R1]<U0,R0>[  X  ]
[U0,R0][  X  ][U1,R0][U1,R0][U1,R0][U4,R0][U1,R0][U1,R0][U0,R0][U1,R0][U1,R0][U1,R0][U3,R0][U1,R0][U0,R0][U1,R0]
[U0,R0][U1,R1]<U0,R0>[U0,R0][U0,R0][U3,R0][U0,R0][U0,R0][  X  ][U1,R0][U1,R0][U1,R0][U3,R0][U1,R0][U0,R0][U1,R0]
[U0,R0][U1,R0][U0,R0][U0,R0][U0,R0][U3,R0][U0,R0][U0,R0][U1,R0][U0,R0][U0,R0][U0,R0][U2,R0][U0,R0][  X  ][U1,R0]
[  X  ][U1,R0][U0,R0][U0,R0][U0,R0][U3,R0][U0,R0][U0,R0][U1,R0][U0,R0][U0,R0][U0,R0][U2,R0][U0,R0][U1,R0][U0,R0]
[U1,R1]<U0,R0>[  X  ][U0,R0][U0,R0][U3,R0][U0,R0][U0,R0][U1,R0][U0,R0][U0,R0][U0,R0][U2,R0][U0,R0][U1,R0][U0,R0]
[U1,R0][U0,R0][U1,R0][  X  ][U0,R0][U3,R0][U0,R0][U0,R0][U1,R0][U0,R0][U0,R0][U0,R0][U3,R0][U0,R0][U1,R0][U0,R0]
[U1,R0][U0,R0][U1,R0][U1,R1][  X  ][U3,R0][U0,R0][U0,R0][U1,R0][U0,R0][U0,R0][U0,R0][U3,R0][U0,R0][U1,R0][U0,R0]
[U1,R0][U0,R0][U1,R0][U1,R0][U1,R0][U3,R0][  X  ][U0,R0][U1,R0][U0,R0][U0,R0][U0,R0][U3,R0][U0,R0][U1,R0][U0,R0]
[U1,R0][U0,R0][U1,R0][U1,R0][U1,R0][U3,R0][U1,R1][  X  ][U1,R0][U0,R0][U0,R0][U0,R0][U3,R0][U0,R0][U1,R0][U0,R0]
[U1,R0][U0,R0][U1,R0][U1,R0][U1,R0][U3,R0][U1,R0][U1,R1]<U0,R0>[  X  ][U0,R0][U0,R0][U3,R0][U0,R0][U1,R0][U0,R0]
[U1,R0][U0,R0][U1,R0][U1,R0][U1,R0][U3,R0][U1,R0][U1,R0][U0,R0][U1,R0][  X  ][U0,R0][U4,R0][U0,R0][U1,R0][U0,R0]
[U1,R0][U0,R0][U1,R0][U1,R0][U1,R0][U3,R0][U1,R0][U1,R0][U0,R0][U1,R0][U1,R1][  X  ][U4,R0][U0,R0][U1,R0][U0,R0]
[U1,R0][U0,R0][U1,R0][U1,R0][U1,R0][U4,R0][U1,R0][U1,R0][U0,R0][U2,R1]<U1,R0>[U1,R0][U3,R0][  X  ][U1,R0][U0,R0]
[U1,R0][U0,R0][U1,R0][U1,R0][U1,R0][U4,R0][U1,R0][U1,R0][U0,R0][U2,R1]<U1,R0>[U1,R0][U3,R0][U1,R0][U0,R0][  X  ]
[U2,R1][  X  ][U1,R0][U1,R0][U1,R0][U4,R0][U1,R0][U1,R0][U0,R0][U2,R0][U1,R0][U1,R0][U3,R0][U1,R0][U1,R0][U1,R0]
[U2,R0][U1,R0][U0,R0][U1,R0][U1,R0][U4,R0][U2,R1]<U0,R0>[  X  ][U2,R0][U1,R0][U1,R0][U4,R0][U1,R0][U1,R0][U1,R0]
[U1,R0][U0,R0][  X  ][U1,R0][U1,R0][U4,R0][U2,R1]<U0,R0>[U1,R0][U1,R0][U0,R0][U0,R0][U3,R0][U0,R0][U0,R0][U0,R0]
[U3,R0][U2,R0][U1,R0][U1,R0][U1,R0][U4,R0][U3,R1][  X  ][U1,R0][U3,R0][U2,R0][U2,R0][U5,R0][U2,R0][U2,R0][U0,R0]
[U3,R0][U2,R0][U1,R0][U1,R0][U1,R0][U4,R0][U3,R1]<U1,R0>[U0,R0][U2,R0][U1,R0][U1,R0][U4,R0][U1,R0][U1,R0][  X  ]
[U2,R0][U1,R0][U0,R0][U1,R0][U0,R0][U4,R0][U2,R0][U0,R0][  X  ][U3,R1]<U2,R0>[U2,R0][U5,R0][U1,R0][U1,R0][U1,R0]
[U2,R0][U1,R0][  X  ][U1,R0][U0,R0][U4,R0][U2,R0][U0,R0][U1,R0][U2,R0][U3,R1]<U1,R0>[U4,R0][U0,R0][U1,R0][U0,R0]
[U3,R1]<U1,R0>[U1,R0][U0,R0][  X  ][U5,R0][U2,R0][U0,R0][U2,R0][U3,R0][U3,R0][U1,R0][U4,R0][U0,R0][U2,R0][U0,R0]
[U3,R0][U1,R0][U1,R0][U1,R1]<U1,R0>[U4,R0][U1,R0][  X  ][U2,R0][U3,R0][U3,R0][U1,R0][U5,R0][U0,R0][U2,R0][U0,R0]
[U3,R0][U1,R0][U1,R0][U1,R0][U1,R0][U5,R0][U2,R1]<U1,R0>[U1,R0][U2,R0][U2,R0][U0,R0][U4,R0][  X  ][U2,R0][U0,R0]
[U3,R0][U1,R0][U1,R0][U1,R0][U1,R0][U5,R0][U2,R1]<U1,R0>[U1,R0][U2,R0][U2,R0][U0,R0][U4,R0][U1,R0][U1,R0][  X  ]
[U3,R0][U0,R0][U2,R0][U0,R0][U1,R0][U4,R0][U1,R0][U0,R0][U1,R0][U4,R1]<U3,R0>[  X  ][U5,R0][U1,R0][U2,R0][U1,R0]
[U3,R0][  X  ][U2,R0][U0,R0][U2,R0][U5,R0][U1,R0][U1,R0][U1,R0][U5,R1]<U4,R0>[U1,R0][U4,R0][U0,R0][U2,R0][U0,R0]
[U4,R0][U1,R0][U2,R0][  X  ][U2,R0][U5,R0][U1,R0][U1,R0][U1,R0][U5,R0][U5,R0][U2,R0][U5,R0][U0,R0][U3,R0][U0,R0]
[U4,R0][U1,R0][U3,R0][U2,R0][U3,R0][U4,R0][U0,R0][U0,R0][U0,R0][U4,R0][U4,R0][U2,R0][U4,R0][  X  ][U4,R0][U0,R0]
[U4,R0][U1,R0][U3,R0][U2,R0][U3,R0][U4,R0][U0,R0][U0,R0][U0,R0][U4,R0][U4,R0][U2,R0][U4,R0][U1,R1]<U3,R0>[  X  ]
[U3,R0][U0,R0][U2,R0][U1,R0][U2,R0][U4,R0][  X  ][U0,R0][U0,R0][U4,R0][U4,R0][U2,R0][U4,R0][U1,R0][U3,R0][U1,R0]
[U5,R0][U0,R0][U3,R0][U1,R0][U4,R0][U5,R0][U2,R0][  X  ][U0,R0][U4,R0][U4,R0][U4,R0][U5,R0][U2,R0][U5,R0][U1,R0]
[U5,R0][U0,R0][U3,R0][U1,R0][U4,R0][U5,R0][U2,R0][U1,R1][  X  ][U4,R0][U4,R0][U4,R0][U5,R0][U2,R0][U5,R0][U1,R0]
[U4,R0][  X  ][U3,R0][U1,R0][U4,R0][U5,R0][U2,R0][U1,R0][U1,R0][U3,R0][U3,R0][U3,R0][U4,R0][U1,R0][U4,R0][U0,R0]
[U4,R0][U1,R1]<U2,R0>[U0,R0][U3,R0][U4,R0][U1,R0][U0,R0][U0,R0][U2,R0][U2,R0][U2,R0][U3,R0][U0,R0][U3,R0][  X  ]
[U3,R0][U0,R0][U1,R0][  X  ][U3,R0][U4,R0][U1,R0][U0,R0][U0,R0][U2,R0][U2,R0][U2,R0][U4,R0][U0,R0][U3,R0][U1,R0]
[U3,R0][U0,R0][U1,R0][U1,R1]<U2,R0>[U3,R0][U0,R0][  X  ][U0,R0][U2,R0][U2,R0][U2,R0][U4,R0][U0,R0][U3,R0][U1,R0]
[U3,R0][U0,R0][U1,R0][U1,R0][U2,R0][U4,R0][U0,R0][U1,R0][  X  ][U2,R0][U2,R0][U2,R0][U4,R0][U0,R0][U3,R0][U1,R0]
[U3,R0][U0,R0][U1,R0][U1,R0][U2,R0][U4,R0][U0,R0][U1,R0][U1,R1]<U1,R0>[U1,R0][U1,R0][U3,R0][  X  ][U3,R0][U1,R0]
[U2,R0][  X  ][U1,R0][U1,R0][U2,R0][U4,R0][U0,R0][U1,R0][U1,R0][U1,R0][U1,R0][U1,R0][U3,R0][U1,R0][U3,R0][U0,R0]
[U2,R0][U1,R1]<U0,R0>[U0,R0][U1,R0][U3,R0][  X  ][U1,R0][U1,R0][U1,R0][U1,R0][U1,R0][U3,R0][U1,R0][U3,R0][U0,R0]
[U2,R0][U1,R0][U0,R0][U1,R1]<U1,R0>[U3,R0][U1,R0][U0,R0][U0,R0][U0,R0][U0,R0][U0,R0][U3,R0][U0,R0][U2,R0][  X  ]
[U1,R0][U1,R0][  X  ][U1,R0][U1,R0][U4,R0][U2,R0][U0,R0][U1,R0][U0,R0][U0,R0][U0,R0][U3,R0][U1,R0][U3,R0][U1,R0]
[U1,R0][U1,R0][U1,R0][U0,R0][U0,R0][U3,R0][U1,R0][  X  ][U1,R0][U0,R0][U0,R0][U0,R0][U3,R0][U1,R0][U3,R0][U1,R0]
[U1,R0][U1,R0][U1,R0][U0,R0][U0,R0][U3,R0][U1,R0][U1,R0][U0,R0][  X  ][U0,R0][U0,R0][U3,R0][U1,R0][U3,R0][U1,R0]
[U1,R0][U1,R0][U1,R0][U0,R0][U0,R0][U3,R0][U1,R0][U1,R0][U0,R0][U1,R1][  X  ][U0,R0][U3,R0][U1,R0][U3,R0][U1,R0]
[U1,R0][U1,R0][U1,R0][U0,R0][U0,R0][U3,R0][U1,R0][U1,R0][U0,R0][U1,R0][U1,R0][  X  ][U3,R0][U1,R0][U3,R0][U1,R0]
[U0,R0][U0,R0][U0,R0][  X  ][U0,R0][U3,R0][U1,R0][U1,R0][U0,R0][U1,R0][U1,R0][U1,R0][U2,R0][U0,R0][U2,R0][U0,R0]
[U0,R0][U0,R0][U1,R0][U1,R0][  X  ][U3,R0][U1,R0][U1,R0][U0,R0][U1,R0][U1,R0][U1,R0][U2,R0][U0,R0][U2,R0][U0,R0]
[U0,R0][U0,R0][U1,R0][U1,R0][U1,R0][U2,R0][U0,R0][U0,R0][  X  ][U1,R0][U1,R0][U1,R0][U2,R0][U0,R0][U2,R0][U0,R0]
[U0,R0][U0,R0][U1,R0][U1,R0][U1,R0][U2,R0][U0,R0][U0,R0][U2,R1]<U0,R0>[U0,R0][U0,R0][U1,R0][  X  ][U2,R0][U0,R0]
[U0,R0][U0,R0][U1,R0][U1,R0][U1,R0][U2,R0][U0,R0][U0,R0][U2,R0][U0,R0][U0,R0][U0,R0][U1,R0][U1,R0][U1,R0][  X  ]
[  X  ][U0,R0][U1,R0][U1,R0][U1,R0][U2,R0][U0,R0][U0,R0][U2,R0][U0,R0][U0,R0][U0,R0][U1,R0][U1,R0][U1,R0][U1,R0]
[U1,R0][  X  ][U1,R0][U1,R0][U1,R0][U2,R0][U0,R0][U0,R0][U2,R0][U0,R0][U0,R0][U0,R0][U1,R0][U1,R0][U1,R0][U1,R0]
[U3,R0][U2,R0][U0,R0][U0,R0][U0,R0][U1,R0][  X  ][U0,R0][U2,R0][U0,R0][U0,R0][U0,R0][U1,R0][U1,R0][U1,R0][U1,R0]
[U4,R0][U2,R0][U0,R0][U0,R0][U0,R0][U1,R0][U2,R1][  X  ][U2,R0][U0,R0][U0,R0][U0,R0][U1,R0][U1,R0][U1,R0][U1,R0]
[U4,R0][U2,R0][U0,R0][U0,R0][U0,R0][U1,R0][U2,R0][U1,R0][U1,R0][  X  ][U0,R0][U0,R0][U2,R0][U1,R0][U1,R0][U1,R0]
[U4,R0][U2,R0][U0,R0][U0,R0][U0,R0][U2,R0][U2,R0][U2,R0][U1,R0][U1,R0][  X  ][U0,R0][U2,R0][U1,R0][U1,R0][U1,R0]
[U4,R0][U2,R0][U0,R0][U0,R0][U0,R0][U2,R0][U2,R0][U2,R0][U1,R0][U1,R0][U1,R1][  X  ][U2,R0][U1,R0][U1,R0][U1,R0]
[U3,R0][U1,R0][  X  ][U0,R0][U0,R0][U2,R0][U2,R0][U2,R0][U1,R0][U1,R0][U1,R1]<U1,R0>[U1,R0][U0,R0][U0,R0][U0,R0]
[U5,R0][U1,R0][U1,R0][  X  ][U0,R0][U2,R0][U4,R1]<U2,R0>[U1,R0][U1,R0][U1,R0][U1,R0][U1,R0][U0,R0][U0,R0][U0,R0]
[U5,R0][U1,R0][U1,R0][U2,R0][  X  ][U3,R0][U4,R0][U2,R0][U1,R0][U2,R0][U2,R1]<U1,R0>[U2,R0][U0,R0][U0,R0][U0,R0]
[U5,R0][U1,R0][U1,R0][U2,R0][U1,R0][U2,R0][U3,R0][U1,R0][U0,R0][U1,R0][U2,R1]<U0,R0>[U1,R0][  X  ][U0,R0][U0,R0]
[U5,R0][U1,R0][U1,R0][U2,R0][U1,R0][U2,R0][U3,R0][U1,R0][U0,R0][U1,R0][U2,R0][U0,R0][U1,R0][U1,R1][  X  ][U0,R0]
[U5,R0][U1,R0][U4,R0][U2,R0][U2,R0][U5,R0][U3,R0][U1,R0][U0,R0][U1,R0][U5,R0][U0,R0][U1,R0][U3,R0][U1,R0][  X  ]
[U4,R0][U0,R0][U3,R0][U1,R0][U1,R0][U4,R0][U2,R0][U0,R0][  X  ][U1,R0][U5,R0][U0,R0][U1,R0][U3,R0][U1,R0][U1,R0]
[U4,R0][U0,R0][U3,R0][U1,R0][U1,R0][U4,R0][U2,R0][U0,R0][U1,R0][U0,R0][U4,R0][  X  ][U1,R0][U3,R0][U1,R0][U1,R0]
[U3,R0][  X  ][U3,R0][U1,R0][U1,R0][U4,R0][U2,R0][U0,R0][U1,R0][U0,R0][U4,R0][U1,R1]<U0,R0>[U2,R0][U0,R0][U0,R0]
[U3,R0][U1,R0][U2,R0][U0,R0][U0,R0][U3,R0][U1,R0][  X  ][U1,R0][U0,R0][U4,R0][U1,R0][U0,R0][U2,R0][U0,R0][U0,R0]
[U3,R0][U1,R0][U2,R0][U0,R0][U0,R0][U3,R0][U1,R0][U1,R0][U0,R0][  X  ][U4,R0][U1,R0][U0,R0][U2,R0][U0,R0][U0,R0]
[U3,R0][U1,R0][U2,R0][U0,R0][U0,R0][U3,R0][U1,R0][U1,R0][U0,R0][U1,R0][U3,R0][U0,R0][  X  ][U2,R0][U0,R0][U0,R0]
[U3,R0][U2,R0][U2,R0][U0,R0][U0,R0][U3,R0][U1,R0][U1,R0][U0,R0][U1,R0][U3,R0][U0,R0][U1,R0][U1,R0][  X  ][U0,R0]
[U3,R0][U2,R0][U2,R0][U0,R0][U0,R0][U3,R0][U1,R0][U1,R0][U0,R0][U1,R0][U3,R0][U0,R0][U1,R0][U1,R0][U1,R0][  X  ]
[U2,R0][U1,R0][U1,R0][  X  ][U0,R0][U3,R0][U1,R0][U1,R0][U0,R0][U1,R0][U3,R0][U0,R0][U1,R0][U1,R0][U1,R0][U1,R0]
[U2,R0][U1,R0][U1,R0][U1,R0][  X  ][U3,R0][U1,R0][U1,R0][U0,R0][U1,R0][U3,R0][U0,R0][U1,R0][U1,R0][U1,R0][U1,R0]
[U2,R0][U1,R0][U1,R0][U1,R0][U1,R1]<U2,R0>[U0,R0][U0,R0][  X  ][U1,R0][U3,R0][U0,R0][U1,R0][U1,R0][U1,R0][U1,R0]
[U2,R0][U1,R0][U1,R0][U1,R0][U1,R0][U2,R0][U0,R0][U0,R0][U1,R0][U0,R0][U2,R0][  X  ][U1,R0][U1,R0][U1,R0][U1,R0]
[U1,R0][U0,R0][U0,R0][U0,R0][U0,R0][U1,R0][  X  ][U0,R0][U1,R0][U0,R0][U2,R0][U1,R0][U0,R0][U0,R0][U0,R0][U0,R0]
[U1,R0][U0,R0][U0,R0][U0,R0][U0,R0][U1,R0][U1,R1][  X  ][U1,R0][U0,R0][U2,R0][U1,R0][U0,R0][U0,R0][U0,R0][U0,R0]
[U1,R0][U0,R0][U0,R0][U0,R0][U0,R0][U1,R0][U2,R1]<U1,R0>[U0,R0][  X  ][U2,R0][U2,R0][U0,R0][U0,R0][U0,R0][U0,R0]
[U1,R0][U0,R0][U0,R0][U0,R0][U0,R0][U1,R0][U2,R0][U1,R0][U0,R0][U1,R0][U1,R0][U1,R0][  X  ][U0,R0][U0,R0][U0,R0]
[U1,R0][U0,R0][U0,R0][U0,R0][U0,R0][U1,R0][U2,R0][U1,R0][U0,R0][U1,R0][U1,R0][U1,R0][U1,R0][  X  ][U0,R0][U0,R0]
[U1,R0][U0,R0][U0,R0][U0,R0][U0,R0][U1,R0][U2,R0][U1,R0][U0,R0][U1,R0][U1,R0][U1,R0][U1,R0][U1,R0][  X  ][U0,R0]
[U1,R0][U0,R0][U0,R0][U0,R0][U0,R0][U1,R0][U2,R0][U1,R0][U0,R0][U1,R0][U1,R0][U1,R0][U1,R0][U1,R0][U1,R0][  X  ]
[U0,R0][  X  ][U0,R0][U0,R0][U0,R0][U1,R0][U2,R0][U1,R0][U0,R0][U1,R0][U1,R0][U1,R0][U1,R0][U1,R0][U1,R0][U1,R0]
[U0,R0][U1,R0][  X  ][U0,R0][U0,R0][U1,R0][U2,R0][U1,R0][U0,R0][U1,R0][U1,R0][U1,R0][U1,R0][U1,R0][U1,R0][U1,R0]
[U0,R0][U1,R0][U1,R1][  X  ][U0,R0][U1,R0][U2,R0][U1,R0][U0,R0][U1,R0][U1,R0][U1,R0][U1,R0][U1,R0][U1,R0][U1,R0]
[U0,R0][U2,R0][U1,R0][U1,R0][  X  ][U1,R0][U2,R0][U1,R0][U0,R0][U1,R0][U1,R0][U1,R0][U1,R0][U2,R0][U2,R0][U1,R0]
[U0,R0][U2,R0][U1,R0][U1,R0][U1,R1]<U0,R0>[U1,R0][U0,R0][  X  ][U1,R0][U1,R0][U1,R0][U1,R0][U2,R0][U2,R0][U1,R0]
[  X  ][U3,R0][U1,R0][U1,R0][U2,R1]<U0,R0>[U1,R0][U0,R0][U1,R0][U0,R0][U0,R0][U0,R0][U0,R0][U4,R0][U4,R0][U0,R0]
[U1,R0][U2,R0][U0,R0][U0,R0][U1,R0][  X  ][U1,R0][U0,R0][U1,R0][U0,R0][U0,R0][U1,R0][U0,R0][U5,R0][U5,R0][U0,R0]
[U1,R0][U2,R0][U0,R0][U0,R0][U1,R0][U1,R1]<U0,R0>[  X  ][U1,R0][U0,R0][U0,R0][U1,R0][U0,R0][U5,R0][U5,R0][U0,R0]
[U1,R0][U2,R0][U0,R0][U0,R0][U1,R0][U1,R0][U0,R0][U1,R0][U0,R0][  X  ][U0,R0][U1,R0][U0,R0][U5,R0][U5,R0][U0,R0]
[U1,R0][U2,R0][U0,R0][U0,R0][U1,R0][U1,R0][U0,R0][U1,R0][U0,R0][U1,R0][  X  ][U1,R0][U0,R0][U5,R0][U5,R0][U0,R0]
[U1,R0][U2,R0][U0,R0][U0,R0][U1,R0][U1,R0][U0,R0][U1,R0][U0,R0][U1,R0][U1,R1]<U0,R0>[  X  ][U5,R0][U5,R0][U0,R0]
[U1,R0][U2,R0][U0,R0][U0,R0][U1,R0][U1,R0][U0,R0][U1,R0][U0,R0][U1,R0][U1,R0][U0,R0][U1,R0][U4,R0][U4,R0][  X  ]
[U0,R0][U1,R0][  X  ][U0,R0][U1,R0][U1,R0][U0,R0][U1,R0][U0,R0][U1,R0][U1,R0][U0,R0][U1,R0][U4,R0][U4,R0][U1,R0]
[U0,R0][U1,R0][U1,R1][  X  ][U1,R0][U1,R0][U0,R0][U1,R0][U0,R0][U1,R0][U1,R0][U0,R0][U1,R0][U4,R0][U4,R0][U1,R0]
[U0,R0][U1,R0][U1,R0][U1,R0][U0,R0][U0,R0][  X  ][U1,R0][U0,R0][U1,R0][U1,R0][U0,R0][U1,R0][U4,R0][U4,R0][U1,R0]
[U0,R0][U1,R0][U1,R0][U1,R0][U0,R0][U0,R0][U1,R0][U0,R0][  X  ][U1,R0][U1,R0][U0,R0][U1,R0][U4,R0][U4,R0][U1,R0]
[U0,R0][U1,R0][U1,R0][U1,R0][U0,R0][U0,R0][U1,R0][U0,R0][U1,R0][U0,R0][U0,R0][  X  ][U1,R0][U4,R0][U4,R0][U1,R0]
[  X  ][U1,R0][U1,R0][U1,R0][U0,R0][U0,R0][U1,R0][U0,R0][U1,R0][U0,R0][U0,R0][U1,R1]<U0,R0>[U3,R0][U3,R0][U0,R0]
[U1,R0][U0,R0][U0,R0][U0,R0][  X  ][U0,R0][U1,R0][U0,R0][U1,R0][U0,R0][U0,R0][U1,R0][U0,R0][U3,R0][U3,R0][U0,R0]
[U1,R0][U0,R0][U0,R0][U0,R0][U1,R0][  X  ][U1,R0][U0,R0][U1,R0][U0,R0][U0,R0][U1,R0][U0,R0][U3,R0][U3,R0][U0,R0]
[U1,R0][U0,R0][U0,R0][U0,R0][U1,R0][U1,R1]<U0,R0>[  X  ][U1,R0][U0,R0][U0,R0][U1,R0][U0,R0][U3,R0][U3,R0][U0,R0]
[U1,R0][U0,R0][U0,R0][U0,R0][U1,R0][U1,R0][U0,R0][U1,R0][U0,R0][U0,R0][  X  ][U1,R0][U0,R0][U3,R0][U3,R0][U0,R0]
[U1,R0][U0,R0][U0,R0][U0,R0][U1,R0][U1,R0][U0,R0][U1,R0][U0,R0][U0,R0][U1,R1]<U0,R0>[  X  ][U3,R0][U3,R0][U0,R0]
[U0,R0][  X  ][U0,R0][U0,R0][U1,R0][U1,R0][U0,R0][U1,R0][U0,R0][U0,R0][U1,R0][U0,R0][U1,R0][U2,R0][U2,R0][U0,R0]
[U1,R0][U1,R0][  X  ][U0,R0][U1,R0][U1,R0][U0,R0][U1,R0][U0,R0][U0,R0][U1,R0][U0,R0][U1,R0][U2,R0][U2,R0][U0,R0]
[U1,R0][U1,R0][U1,R0][  X  ][U1,R0][U1,R0][U0,R0][U1,R0][U0,R0][U0,R0][U1,R0][U0,R0][U1,R0][U2,R0][U2,R0][U0,R0]
[U1,R0][U1,R0][U1,R0][U1,R0][U0,R0][U0,R0][  X  ][U1,R0][U0,R0][U0,R0][U1,R0][U0,R0][U1,R0][U2,R0][U2,R0][U0,R0]
[U1,R0][U1,R0][U1,R0][U1,R0][U0,R0][U0,R0][U1,R1]<U0,R0>[  X  ][U0,R0][U1,R0][U0,R0][U1,R0][U2,R0][U2,R0][U0,R0]
[U1,R0][U1,R0][U1,R0][U1,R0][U0,R0][U0,R0][U1,R1]<U0,R0>[U1,R0][  X  ][U1,R0][U0,R0][U1,R0][U2,R0][U2,R0][U0,R0]
[U1,R0][U1,R0][U1,R0][U2,R0][U0,R0][U0,R0][U2,R1]<U0,R0>[U1,R0][U1,R0][U0,R0][  X  ][U1,R0][U2,R0][U2,R0][U0,R0]
[U1,R0][U1,R0][U1,R0][U2,R0][U0,R0][U0,R0][U2,R0][U0,R0][U1,R0][U1,R0][U0,R0][U1,R0][U0,R0][U1,R0][U1,R0][  X  ]
[U0,R0][U0,R0][U0,R0][U1,R0][  X  ][U0,R0][U2,R0][U0,R0][U1,R0][U1,R0][U0,R0][U1,R0][U0,R0][U1,R0][U1,R0][U1,R0]
[U0,R0][U0,R0][U0,R0][U1,R0][U1,R0][  X  ][U2,R0][U0,R0][U1,R0][U1,R0][U0,R0][U1,R0][U0,R0][U1,R0][U1,R0][U1,R0]
[U0,R0][U0,R0][U0,R0][U2,R0][U1,R0][U1,R0][U1,R0][  X  ][U2,R0][U1,R0][U0,R0][U1,R0][U0,R0][U1,R0][U1,R0][U1,R0]
[U0,R0][U0,R0][U0,R0][U2,R0][U1,R0][U1,R0][U1,R0][U1,R0][U2,R0][U0,R0][  X  ][U1,R0][U0,R0][U1,R0][U1,R0][U1,R0]
[U0,R0][U0,R0][U0,R0][U2,R0][U1,R0][U1,R0][U1,R0][U1,R0][U2,R0][U0,R0][U1,R0][U0,R0][  X  ][U1,R0][U1,R0][U1,R0]
[  X  ][U0,R0][U0,R0][U2,R0][U1,R0][U1,R0][U1,R0][U1,R0][U2,R0][U0,R0][U1,R0][U0,R0][U1,R0][U0,R0][U0,R0][U0,R0]
[U1,R0][  X  ][U0,R0][U2,R0][U1,R0][U1,R0][U1,R0][U1,R0][U2,R0][U0,R0][U1,R0][U0,R0][U1,R0][U0,R0][U0,R0][U0,R0]
[U1,R0][U1,R0][  X  ][U2,R0][U1,R0][U1,R0][U1,R0][U1,R0][U2,R0][U0,R0][U1,R0][U0,R0][U1,R0][U0,R0][U0,R0][U0,R0]
[U1,R0][U1,R0][U1,R1]<U1,R0>[U0,R0][U0,R0][U0,R0][U0,R0][U1,R0][  X  ][U1,R0][U0,R0][U1,R0][U0,R0][U0,R0][U0,R0]
[U1,R0][U1,R0][U1,R1]<U1,R0>[U0,R0][U0,R0][U0,R0][U0,R0][U1,R0][U1,R0][U0,R0][  X  ][U1,R0][U0,R0][U0,R0][U0,R0]
[U1,R0][U1,R0][U1,R0][U1,R0][U0,R0][U0,R0][U0,R0][U0,R0][U1,R0][U1,R0][U0,R0][U1,R0][U0,R0][  X  ][U0,R0][U0,R0]
[U1,R0][U1,R0][U1,R0][U1,R0][U0,R0][U0,R0][U0,R0][U0,R0][U1,R0][U1,R0][U0,R0][U1,R0][U0,R0][U1,R0][  X  ][U0,R0]
[U1,R0][U2,R0][U2,R1]<U1,R0>[U0,R0][U0,R0][U0,R0][U0,R0][U1,R0][U1,R0][U0,R0][U1,R0][U0,R0][U1,R0][U1,R0][  X  ]
[U0,R0][U1,R0][U1,R0][U0,R0][  X  ][U0,R0][U0,R0][U0,R0][U1,R0][U1,R0][U0,R0][U1,R0][U0,R0][U1,R0][U1,R0][U1,R0]
[U0,R0][U1,R0][U1,R0][U0,R0][U1,R0][  X  ][U0,R0][U0,R0][U1,R0][U1,R0][U0,R0][U1,R0][U0,R0][U1,R0][U1,R0][U1,R0]
[U0,R0][U1,R0][U1,R0][U0,R0][U1,R0][U1,R0][  X  ][U0,R0][U1,R0][U1,R0][U0,R0][U1,R0][U0,R0][U1,R0][U1,R0][U1,R0]
[U0,R0][U1,R0][U1,R0][U0,R0][U1,R0][U1,R0][U1,R0][  X  ][U1,R0][U1,R0][U0,R0][U1,R0][U0,R0][U1,R0][U1,R0][U1,R0]
[U0,R0][U1,R0][U1,R0][U0,R0][U1,R0][U1,R0][U1,R0][U1,R0][U0,R0][U0,R0][  X  ][U1,R0][U0,R0][U1,R0][U1,R0][U1,R0]
[U0,R0][U1,R0][U1,R0][U0,R0][U1,R0][U1,R0][U2,R0][U1,R0][U0,R0][U0,R0][U1,R0][U0,R0][  X  ][U1,R0][U1,R0][U1,R0]
[  X  ][U1,R0][U1,R0][U0,R0][U2,R0][U2,R0][U2,R0][U1,R0][U0,R0][U0,R0][U1,R0][U0,R0][U1,R0][U0,R0][U0,R0][U0,R0]
[U1,R0][U0,R0][U0,R0][  X  ][U2,R0][U2,R0][U2,R0][U1,R0][U0,R0][U0,R0][U1,R0][U0,R0][U1,R0][U0,R0][U0,R0][U0,R0]
[U1,R0][U0,R0][U0,R0][U1,R0][U1,R0][U1,R0][U1,R0][U0,R0][  X  ][U0,R0][U1,R0][U0,R0][U1,R0][U1,R0][U0,R0][U0,R0]
[U1,R0][U0,R0][U0,R0][U1,R0][U1,R0][U1,R0][U1,R0][U0,R0][U1,R1][  X  ][U1,R0][U0,R0][U1,R0][U1,R0][U0,R0][U0,R0]
[U1,R0][U0,R0][U0,R0][U1,R0][U1,R0][U1,R0][U1,R0][U0,R0][U1,R0][U1,R0][U0,R0][  X  ][U1,R0][U1,R0][U0,R0][U0,R0]
[U1,R0][U0,R0][U0,R0][U1,R0][U1,R0][U1,R0][U1,R0][U0,R0][U1,R0][U1,R0][U0,R0][U1,R0][U0,R0][U0,R0][  X  ][U0,R0]
[U1,R0][U0,R0][U0,R0][U1,R0][U1,R0][U1,R0][U1,R0][U0,R0][U1,R0][U1,R0][U0,R0][U1,R0][U0,R0][U0,R0][U1,R1][  X  ]
[U0,R0][  X  ][U0,R0][U1,R0][U1,R0][U1,R0][U1,R0][U0,R0][U1,R0][U1,R0][U0,R0][U1,R0][U0,R0][U0,R0][U1,R1]<U1,R0>
[U0,R0][U1,R0][  X  ][U1,R0][U1,R0][U1,R0][U1,R0][U0,R0][U1,R0][U1,R0][U0,R0][U1,R0][U0,R0][U1,R0][U1,R0][U1,R0]
[U0,R0][U1,R0][U1,R1]<U0,R0>[U0,R0][U0,R0][U0,R0][  X  ][U1,R0][U1,R0][U0,R0][U1,R0][U0,R0][U1,R0][U1,R0][U1,R0]
[U0,R0][U1,R0][U1,R0][U0,R0][U0,R0][U0,R0][U0,R0][U1,R0][U0,R0][U0,R0][  X  ][U2,R0][U0,R0][U1,R0][U1,R0][U1,R0]
[U0,R0][U1,R0][U1,R0][U0,R0][U0,R0][U0,R0][U0,R0][U1,R0][U0,R0][U0,R0][U1,R1]<U1,R0>[  X  ][U1,R0][U1,R0][U1,R0]
[  X  ][U1,R0][U1,R0][U0,R0][U0,R0][U0,R0][U0,R0][U1,R0][U0,R0][U0,R0][U1,R0][U1,R0][U1,R0][U0,R0][U0,R0][U0,R0]
[U1,R0][U0,R0][U0,R0][  X  ][U0,R0][U0,R0][U0,R0][U1,R0][U0,R0][U0,R0][U1,R0][U1,R0][U1,R0][U0,R0][U0,R0][U0,R0]
[U1,R0][U0,R0][U0,R0][U1,R1][  X  ][U0,R0][U0,R0][U1,R0][U0,R0][U0,R0][U1,R0][U1,R0][U1,R0][U0,R0][U0,R0][U0,R0]
[U1,R0][U0,R0][U0,R0][U1,R0][U1,R0][  X  ][U0,R0][U1,R0][U0,R0][U0,R0][U1,R0][U1,R0][U1,R0][U0,R0][U0,R0][U0,R0]
[U1,R0][U0,R0][U0,R0][U1,R0][U1,R0][U1,R0][  X  ][U1,R0][U0,R0][U0,R0][U1,R0][U1,R0][U1,R0][U0,R0][U0,R0][U0,R0]
[U1,R0][U0,R0][U0,R0][U1,R0][U1,R0][U1,R0][U1,R0][U0,R0][  X  ][U0,R0][U1,R0][U1,R0][U1,R0][U0,R0][U0,R0][U0,R0]
[U1,R0][U0,R0][U0,R0][U1,R0][U1,R0][U1,R0][U1,R0][U0,R0][U1,R0][  X  ][U1,R0][U1,R0][U1,R0][U0,R0][U0,R0][U0,R0]
[U1,R0][U0,R0][U0,R0][U1,R0][U1,R0][U1,R0][U1,R0][U0,R0][U1,R0][U1,R1]<U0,R0>[U0,R0][U0,R0][  X  ][U0,R0][U0,R0]
[U1,R0][U0,R0][U0,R0][U1,R0][U1,R0][U1,R0][U2,R0][U0,R0][U2,R0][U2,R0][U0,R0][U0,R0][U0,R0][U1,R0][  X  ][U0,R0]
[U1,R0][U0,R0][U0,R0][U1,R0][U1,R0][U1,R0][U3,R0][U0,R0][U3,R0][U2,R0][U0,R0][U0,R0][U0,R0][U2,R0][U1,R0][  X  ]
[U0,R0][  X  ][U0,R0][U1,R0][U1,R0][U1,R0][U3,R0][U0,R0][U3,R0][U2,R0][U0,R0][U0,R0][U0,R0][U2,R0][U1,R0][U1,R1]
[U0,R0][U2,R0][  X  ][U1,R0][U1,R0][U1,R0][U5,R0][U0,R0][U4,R0][U2,R0][U0,R0][U0,R0][U0,R0][U2,R0][U1,R0][U2,R0]
[U0,R0][U2,R0][U1,R0][U0,R0][U0,R0][U0,R0][U4,R0][  X  ][U4,R0][U2,R0][U0,R0][U0,R0][U0,R0][U2,R0][U1,R0][U2,R0]
[U0,R0][U2,R0][U1,R0][U0,R0][U0,R0][U0,R0][U4,R0][U1,R0][U3,R0][U1,R0][  X  ][U0,R0][U0,R0][U2,R0][U1,R0][U2,R0]
[U0,R0][U2,R0][U1,R0][U0,R0][U0,R0][U0,R0][U4,R0][U1,R0][U3,R0][U1,R0][U1,R0][  X  ][U0,R0][U2,R0][U1,R0][U2,R0]
[U0,R0][U2,R0][U1,R0][U0,R0][U0,R0][U0,R0][U4,R0][U1,R0][U3,R0][U1,R0][U1,R0][U1,R0][  X  ][U2,R0][U1,R0][U2,R0]
[  X  ][U2,R0][U1,R0][U0,R0][U0,R0][U0,R0][U4,R0][U1,R0][U3,R0][U1,R0][U1,R0][U1,R0][U1,R0][U1,R0][U0,R0][U1,R0]
[U1,R0][U1,R0][U0,R0][  X  ][U0,R0][U0,R0][U4,R0][U1,R0][U3,R0][U1,R0][U1,R0][U1,R0][U1,R0][U1,R0][U0,R0][U1,R0]
[U1,R0][U1,R0][U0,R0][U1,R0][U0,R0][  X  ][U4,R0][U1,R0][U3,R0][U1,R0][U1,R0][U1,R0][U1,R0][U1,R0][U0,R0][U1,R0]
[U1,R0][U1,R0][U0,R0][U1,R0][U0,R0][U1,R0][U3,R0][U0,R0][U2,R0][U0,R0][U0,R0][U0,R0][U0,R0][U0,R0][  X  ][U1,R0]
[U0,R0][U0,R0][  X  ][U1,R0][U0,R0][U1,R0][U3,R0][U0,R0][U2,R0][U0,R0][U0,R0][U0,R0][U0,R0][U0,R0][U1,R1]<U0,R0>
[U0,R0][U0,R0][U1,R0][U0,R0][  X  ][U1,R0][U3,R0][U0,R0][U2,R0][U0,R0][U0,R0][U0,R0][U0,R0][U0,R0][U1,R0][U0,R0]
[U0,R0][U0,R0][U1,R0][U0,R0][U1,R0][U0,R0][U2,R0][  X  ][U2,R0][U0,R0][U0,R0][U0,R0][U0,R0][U0,R0][U1,R0][U0,R0]
[U0,R0][U0,R0][U1,R0][U0,R0][U1,R0][U0,R0][U2,R0][U1,R1]<U1,R0>[  X  ][U0,R0][U0,R0][U0,R0][U0,R0][U1,R0][U0,R0]
[U0,R0][U0,R0][U1,R0][U0,R0][U1,R0][U0,R0][U2,R0][U1,R0][U1,R0][U1,R0][  X  ][U0,R0][U0,R0][U0,R0][U1,R0][U0,R0]
[U0,R0][U0,R0][U1,R0][U0,R0][U1,R0][U0,R0][U2,R0][U1,R0][U1,R0][U1,R0][U1,R0][  X  ][U0,R0][U0,R0][U1,R0][U0,R0]
[U0,R0][U0,R0][U1,R0][U0,R0][U1,R0][U0,R0][U2,R0][U1,R0][U1,R0][U1,R0][U1,R0][U1,R1][  X  ][U0,R0][U1,R0][U0,R0]
[U0,R0][U0,R0][U1,R0][U0,R0][U1,R0][U0,R0][U2,R0][U1,R0][U1,R0][U1,R0][U1,R0][U1,R0][U1,R0][  X  ][U1,R0][U0,R0]
[U0,R0][U0,R0][U1,R0][U0,R0][U1,R0][U0,R0][U2,R0][U1,R0][U1,R0][U1,R0][U1,R0][U1,R0][U1,R0][U1,R0][U0,R0][  X  ]
[  X  ][U0,R0][U1,R0][U0,R0][U1,R0][U0,R0][U2,R0][U1,R0][U1,R0][U1,R0][U1,R0][U1,R0][U1,R0][U1,R0][U0,R0][U1,R0]
[U1,R0][  X  ][U1,R0][U0,R0][U1,R0][U0,R0][U2,R0][U1,R0][U1,R0][U1,R0][U1,R0][U1,R0][U1,R0][U1,R0][U0,R0][U1,R0]
[U1,R0][U1,R1]<U0,R0>[  X  ][U1,R0][U0,R0][U2,R0][U1,R0][U1,R0][U1,R0][U1,R0][U1,R0][U1,R0][U1,R0][U0,R0][U1,R0]
[U1,R0][U1,R1]<U0,R0>[U1,R1]<U0,R0>[  X  ][U2,R0][U1,R0][U1,R0][U1,R0][U1,R0][U1,R0][U1,R0][U1,R0][U0,R0][U1,R0]
[U2,R0][U1,R0][U0,R0][U1,R0][U0,R0][U1,R0][U2,R0][U0,R0][U0,R0][U0,R0][U0,R0][U0,R0][U0,R0][U0,R0][  X  ][U1,R0]
[U1,R0][U0,R0][  X  ][U1,R0][U0,R0][U1,R0][U2,R0][U0,R0][U0,R0][U0,R0][U0,R0][U0,R0][U0,R0][U0,R0][U1,R0][U0,R0]
[U1,R0][U0,R0][U1,R0][U0,R0][  X  ][U1,R0][U2,R0][U0,R0][U0,R0][U0,R0][U0,R0][U0,R0][U0,R0][U0,R0][U1,R0][U0,R0]
[U1,R0][U0,R0][U1,R0][U0,R0][U1,R0][U0,R0][U1,R0][  X  ][U0,R0][U0,R0][U0,R0][U0,R0][U0,R0][U0,R0][U1,R0][U0,R0]
[U1,R0][U0,R0][U1,R0][U0,R0][U1,R0][U0,R0][U1,R0][U1,R0][  X  ][U0,R0][U0,R0][U0,R0][U0,R0][U0,R0][U1,R0][U0,R0]
[U1,R0][U0,R0][U1,R0][U0,R0][U1,R0][U0,R0][U1,R0][U1,R0][U1,R0][  X  ][U0,R0][U0,R0][U0,R0][U0,R0][U1,R0][U0,R0]
[U1,R0][U0,R0][U1,R0][U0,R0][U1,R0][U0,R0][U1,R0][U1,R0][U1,R0][U1,R0][  X  ][U0,R0][U0,R0][U0,R0][U1,R0][U0,R0]
[U1,R0][U0,R0][U1,R0][U0,R0][U1,R0][U0,R0][U1,R0][U1,R0][U1,R0][U1,R0][U1,R0][  X  ][U0,R0][U0,R0][U1,R0][U0,R0]
[U1,R0][U0,R0][U1,R0][U0,R0][U1,R0][U0,R0][U1,R0][U1,R0][U1,R0][U1,R0][U1,R0][U1,R0][  X  ][U0,R0][U1,R0][U0,R0]
[U1,R0][U0,R0][U1,R0][U0,R0][U1,R0][U0,R0][U1,R0][U1,R0][U1,R0][U1,R0][U1,R0][U1,R0][U1,R0][  X  ][U1,R0][U0,R0]
[U1,R0][U0,R0][U1,R0][U0,R0][U1,R0][U0,R0][U1,R0][U1,R0][U1,R0][U1,R0][U1,R0][U1,R0][U1,R0][U1,R0][U0,R0][  X  ]
[U0,R0][  X  ][U1,R0][U0,R0][U1,R0][U0,R0][U1,R0][U1,R0][U1,R0][U1,R0][U1,R0][U1,R0][U1,R0][U1,R0][U0,R0][U1,R0]
[U0,R0][U1,R0][U0,R0][  X  ][U1,R0][U0,R0][U1,R0][U1,R0][U1,R0][U1,R0][U1,R0][U1,R0][U1,R0][U1,R0][U0,R0][U1,R0]
[U0,R0][U1,R0][U0,R0][U1,R0][U0,R0][  X  ][U1,R0][U1,R0][U1,R0][U1,R0][U1,R0][U1,R0][U1,R0][U1,R0][U0,R0][U1,R0]
[U0,R0][U1,R0][U0,R0][U1,R0][U0,R0][U1,R1]<U0,R0>[U0,R0][U0,R0][U0,R0][U0,R0][U0,R0][U0,R0][U0,R0][  X  ][U1,R0]
[  X  ][U1,R0][U0,R0][U1,R0][U0,R0][U1,R0][U0,R0][U0,R0][U0,R0][U0,R0][U0,R0][U0,R0][U0,R0][U0,R0][U1,R0][U0,R0]
[U1,R0][U0,R0][  X  ][U1,R0][U0,R0][U1,R0][U0,R0][U0,R0][U0,R0][U0,R0][U0,R0][U0,R0][U0,R0][U0,R0][U1,R0][U0,R0]
[U1,R0][U0,R0][U1,R0][U0,R0][  X  ][U1,R0][U0,R0][U0,R0][U0,R0][U0,R0][U0,R0][U0,R0][U0,R0][U0,R0][U1,R0][U0,R0]
[U1,R0][U0,R0][U1,R0][U0,R0][U1,R0][U0,R0][  X  ][U0,R0][U0,R0][U0,R0][U0,R0][U0,R0][U0,R0][U0,R0][U1,R0][U0,R0]
[U1,R0][U0,R0][U1,R0][U0,R0][U1,R0][U0,R0][U1,R0][  X  ][U0,R0][U0,R0][U0,R0][U0,R0][U0,R0][U0,R0][U1,R0][U0,R0]
[U1,R0][U0,R0][U1,R0][U0,R0][U1,R0][U0,R0][U1,R0][U1,R0][  X  ][U0,R0][U0,R0][U0,R0][U0,R0][U0,R0][U1,R0][U0,R0]
[U1,R0][U0,R0][U1,R0][U0,R0][U1,R0][U0,R0][U1,R0][U1,R0][U1,R0][  X  ][U0,R0][U0,R0][U0,R0][U0,R0][U1,R0][U0,R0]
[U1,R0][U0,R0][U1,R0][U0,R0][U1,R0][U0,R0][U1,R0][U1,R0][U1,R0][U1,R0][  X  ][U0,R0][U0,R0][U0,R0][U1,R0][U0,R0]
[U1,R0][U0,R0][U1,R0][U0,R0][U1,R0][U0,R0][U1,R0][U1,R0][U1,R0][U1,R0][U1,R0][  X  ][U0,R0][U0,R0][U1,R0][U0,R0]
[U1,R0][U0,R0][U1,R0][U0,R0][U1,R0][U0,R0][U1,R0][U1,R0][U1,R0][U1,R0][U1,R0][U1,R0][  X  ][U0,R0][U1,R0][U0,R0]
[U1,R0][U0,R0][U1,R0][U0,R0][U1,R0][U0,R0][U1,R0][U1,R0][U1,R0][U1,R0][U1,R0][U1,R0][U1,R0][  X  ][U1,R0][U0,R0]
[U1,R0][U0,R0][U1,R0][U0,R0][U1,R0][U0,R0][U1,R0][U1,R0][U1,R0][U1,R0][U1,R0][U1,R0][U1,R0][U1,R1]<U0,R0>[  X  ]
[U0,R0][  X  ][U3,R0][U0,R0][U1,R0][U0,R0][U3,R0][U3,R0][U3,R0][U3,R0][U3,R0][U3,R0][U3,R0][U2,R0][U0,R0][U2,R0]
[U0,R0][U1,R1]<U2,R0>[  X  ][U1,R0][U0,R0][U3,R0][U3,R0][U3,R0][U3,R0][U3,R0][U3,R0][U3,R0][U2,R0][U0,R0][U2,R0]
[U0,R0][U2,R0][U4,R0][U2,R0][U0,R0][  X  ][U5,R0][U5,R0][U5,R0][U5,R0][U5,R0][U5,R0][U5,R0][U2,R0][U0,R0][U2,R0]
[U0,R0][U2,R0][U4,R0][U2,R0][U0,R0][U1,R1]<U4,R0>[U4,R0][U4,R0][U4,R0][U4,R0][U4,R0][U4,R0][U1,R0][  X  ][U2,R0]
[  X  ][U2,R0][U5,R0][U2,R0][U0,R0][U1,R0][U4,R0][U4,R0][U4,R0][U4,R0][U4,R0][U4,R0][U4,R0][U1,R0][U1,R0][U1,R0]
[U1,R0][U1,R0][U4,R0][U1,R0][  X  ][U1,R0][U4,R0][U4,R0][U4,R0][U4,R0][U4,R0][U4,R0][U4,R0][U1,R0][U1,R0][U1,R0]
[U0,R0][U0,R0][U3,R0][U0,R0][U0,R0][  X  ][U3,R0][U3,R0][U3,R0][U3,R0][U3,R0][U3,R0][U3,R0][U0,R0][U0,R0][U0,R0]
[U0,R0][U0,R0][U3,R0][U0,R0][U0,R0][U1,R0][U3,R0][U3,R0][U3,R0][U3,R0][U3,R0][U3,R0][U3,R0][  X  ][U0,R0][U0,R0]
[U0,R0][U0,R0][U3,R0][U0,R0][U0,R0][U5,R0][U5,R0][U5,R0][U5,R0][U5,R0][U5,R0][U4,R0][U3,R0][U1,R0][U0,R0][  X  ]
[  X  ][U0,R0][U3,R0][U0,R0][U0,R0][U5,R0][U5,R0][U5,R0][U5,R0][U5,R0][U5,R0][U4,R0][U3,R0][U1,R0][U0,R0][U1,R0]
[U1,R1][  X  ][U3,R0][U0,R0][U0,R0][U5,R0][U5,R0][U5,R0][U5,R0][U5,R0][U5,R0][U4,R0][U3,R0][U1,R0][U0,R0][U1,R0]
[U1,R0][U2,R0][U2,R0][  X  ][U0,R0][U5,R0][U5,R0][U5,R0][U5,R0][U5,R0][U5,R0][U4,R0][U3,R0][U1,R0][U0,R0][U1,R0]
[U1,R0][U2,R0][U2,R0][U1,R0][  X  ][U5,R0][U5,R0][U5,R0][U5,R0][U5,R0][U5,R0][U4,R0][U3,R0][U1,R0][U0,R0][U1,R0]
[U1,R0][U2,R0][U2,R0][U1,R0][U1,R0][U4,R0][U4,R0][U4,R0][U4,R0][U4,R0][U4,R0][U3,R0][U2,R0][U0,R0][  X  ][U1,R0]
[U1,R0][U1,R0][U1,R0][U0,R0][U0,R0][U3,R0][U3,R0][U3,R0][U3,R0][U3,R0][U3,R0][U3,R0][U1,R0][  X  ][U1,R0][U1,R0]
[U0,R0][U0,R0][U0,R0][  X  ][U0,R0][U3,R0][U3,R0][U3,R0][U3,R0][U3,R0][U3,R0][U3,R0][U1,R0][U1,R0][U0,R0][U0,R0]
[U0,R0][U0,R0][U0,R0][U1,R1][  X  ][U3,R0][U3,R0][U3,R0][U3,R0][U3,R0][U3,R0][U3,R0][U1,R0][U1,R0][U0,R0][U0,R0]
[U0,R0][U0,R0][U0,R0][U1,R0][U1,R0][U2,R0][U2,R0][U2,R0][U2,R0][U3,R0][U2,R0][U2,R0][U0,R0][U0,R0][  X  ][U0,R0]
[U0,R0][U0,R0][U0,R0][U1,R0][U1,R0][U2,R0][U2,R0][U2,R0][U2,R0][U3,R0][U2,R0][U2,R0][U0,R0][U0,R0][U1,R1][  X  ]
[  X  ][U0,R0][U0,R0][U1,R0][U1,R0][U2,R0][U2,R0][U2,R0][U2,R0][U3,R0][U2,R0][U2,R0][U0,R0][U0,R0][U1,R1]<U1,R0>
[U1,R1][  X  ][U0,R0][U1,R0][U1,R0][U2,R0][U2,R0][U2,R0][U2,R0][U3,R0][U2,R0][U2,R0][U0,R0][U0,R0][U1,R0][U1,R0]
[U1,R0][U1,R0][  X  ][U2,R1]<U1,R0>[U2,R0][U2,R0][U2,R0][U2,R0][U3,R0][U2,R0][U2,R0][U0,R0][U1,R0][U1,R0][U1,R0]
[U1,R0][U2,R1]<U1,R0>[U1,R0][U0,R0][U1,R0][U1,R0][U1,R0][U1,R0][U3,R0][U1,R0][U1,R0][  X  ][U1,R0][U1,R0][U1,R0]
[U0,R0][U1,R0][U0,R0][U0,R0][  X  ][U1,R0][U1,R0][U1,R0][U1,R0][U3,R0][U1,R0][U1,R0][U1,R0][U0,R0][U0,R0][U0,R0]
[U0,R0][U1,R0][U0,R0][U0,R0][U1,R0][U0,R0][U0,R0][U0,R0][U0,R0][U2,R0][U0,R0][U0,R0][U0,R0][  X  ][U0,R0][U0,R0]
[U0,R0][U1,R0][U0,R0][U0,R0][U1,R0][U0,R0][U0,R0][U0,R0][U0,R0][U2,R0][U0,R0][U0,R0][U0,R0][U1,R1][  X  ][U0,R0]
[U0,R0][U1,R0][U0,R0][U0,R0][U1,R0][U0,R0][U0,R0][U0,R0][U0,R0][U2,R0][U0,R0][U0,R0][U0,R0][U1,R0][U1,R0][  X  ]
[  X  ][U1,R0][U0,R0][U0,R0][U1,R0][U0,R0][U0,R0][U0,R0][U0,R0][U2,R0][U0,R0][U0,R0][U0,R0][U1,R0][U1,R0][U1,R0]
[U1,R1]<U0,R0>[  X  ][U0,R0][U1,R0][U0,R0][U0,R0][U0,R0][U0,R0][U2,R0][U0,R0][U0,R0][U0,R0][U1,R0][U1,R0][U1,R0]
[U1,R0][U0,R0][U1,R0][  X  ][U1,R0][U0,R0][U0,R0][U0,R0][U0,R0][U2,R0][U0,R0][U0,R0][U0,R0][U1,R0][U1,R0][U1,R0]
[U1,R0][U0,R0][U1,R0][U1,R0][U0,R0][  X  ][U0,R0][U0,R0][U0,R0][U2,R0][U0,R0][U0,R0][U0,R0][U1,R0][U1,R0][U1,R0]
[U1,R0][U0,R0][U1,R0][U1,R0][U0,R0][U1,R1][  X  ][U0,R0][U0,R0][U2,R0][U0,R0][U0,R0][U0,R0][U1,R0][U1,R0][U1,R0]
[U1,R0][U0,R0][U1,R0][U1,R0][U0,R0][U1,R0][U1,R0][  X  ][U0,R0][U3,R0][U1,R1]<U0,R0>[U0,R0][U1,R0][U1,R0][U1,R0]
[U1,R0][U0,R0][U1,R0][U1,R0][U0,R0][U1,R0][U1,R0][U1,R0][  X  ][U3,R0][U1,R1]<U0,R0>[U0,R0][U1,R0][U1,R0][U1,R0]
[U1,R0][U0,R0][U1,R0][U1,R0][U0,R0][U1,R0][U1,R0][U1,R0][U1,R0][U2,R0][U0,R0][  X  ][U0,R0][U1,R0][U1,R0][U1,R0]
[U1,R0][U0,R0][U1,R0][U1,R0][U0,R0][U1,R0][U1,R0][U1,R0][U1,R0][U2,R0][U0,R0][U1,R1][  X  ][U1,R0][U1,R0][U1,R0]
[U0,R0][  X  ][U1,R0][U1,R0][U0,R0][U1,R0][U1,R0][U1,R0][U1,R0][U2,R0][U0,R0][U1,R1]<U1,R0>[U0,R0][U0,R0][U0,R0]
[U0,R0][U1,R0][U0,R0][U0,R0][  X  ][U1,R0][U1,R0][U1,R0][U1,R0][U2,R0][U0,R0][U1,R1]<U1,R0>[U0,R0][U0,R0][U0,R0]
[U0,R0][U1,R0][U0,R0][U0,R0][U1,R1]<U0,R0>[U0,R0][U0,R0][U0,R0][U1,R0][  X  ][U1,R1]<U1,R0>[U0,R0][U0,R0][U0,R0]
[U0,R0][U1,R0][U0,R0][U0,R0][U1,R1]<U0,R0>[U0,R0][U0,R0][U0,R0][U1,R0][U1,R1]<U1,R1><U0,R0>[  X  ][U0,R0][U0,R0]
[U0,R0][U2,R0][U0,R0][U0,R0][U1,R0][U0,R0][U0,R0][U0,R0][U0,R0][U1,R0][U1,R0][U1,R1]<U0,R0>[U1,R1][  X  ][U0,R0]
[U0,R0][U3,R0][U0,R0][U0,R0][U1,R0][U0,R0][U0,R0][U0,R0][U0,R0][U1,R0][U1,R0][U1,R1]<U0,R0>[U1,R1]<U2,R1>[  X  ]
[  X  ][U4,R0][U0,R0][U0,R0][U2,R1]<U0,R0>[U0,R0][U0,R0][U0,R0][U1,R0][U1,R0][U1,R1]<U0,R0>[U1,R1]<U2,R0>[U1,R0]
[U1,R0][U4,R0][  X  ][U0,R0][U3,R0][U0,R0][U0,R0][U0,R0][U0,R0][U1,R0][U2,R0][U1,R1]<U0,R0>[U1,R1]<U2,R0>[U1,R0]
[U1,R0][U4,R0][U1,R1][  X  ][U3,R0][U0,R0][U0,R0][U0,R0][U0,R0][U1,R0][U2,R0][U1,R1]<U0,R0>[U1,R1]<U2,R0>[U1,R0]
[U1,R0][U5,R0][U1,R0][U1,R0][U4,R1][  X  ][U0,R0][U0,R0][U0,R0][U1,R0][U2,R0][U1,R1]<U0,R0>[U1,R1]<U3,R0>[U1,R0]
[U1,R0][U5,R0][U2,R0][U2,R0][U5,R0][U1,R0][  X  ][U0,R0][U0,R0][U1,R0][U3,R0][U1,R1]<U0,R0>[U1,R1]<U3,R0>[U1,R0]
[U2,R0][U5,R0][U2,R0][U2,R0][U5,R1]<U1,R0>[U1,R1][  X  ][U0,R0][U1,R0][U4,R0][U1,R0][U0,R0][U1,R1]<U5,R0>[U2,R0]
[U2,R0][U5,R0][U2,R0][U2,R0][U5,R1]<U1,R0>[U1,R1]<U1,R1>[  X  ][U1,R0][U4,R0][U1,R0][U0,R0][U1,R0][U5,R0][U2,R0]
[U2,R0][U5,R0][U3,R1]<U2,R0>[U5,R0][U1,R0][U1,R1]<U1,R0>[U1,R1]<U0,R0>[U3,R0][U0,R0][  X  ][U1,R0][U5,R0][U2,R0]
[U1,R0][U4,R0][U5,R1]<U2,R0>[U4,R0][U0,R0][U1,R1]<U0,R0>[U1,R1][  X  ][U3,R0][U0,R0][U1,R0][U0,R0][U4,R0][U2,R0]
[U1,R0][U4,R0][U4,R0][U2,R0][U5,R1]<U0,R0>[U0,R0][  X  ][U1,R0][U2,R0][U3,R0][U1,R1]<U0,R0>[U1,R1]<U4,R0>[U3,R0]
[U1,R0][U5,R0][U4,R0][U2,R0][U5,R1]<U0,R0>[U0,R0][U1,R0][U0,R0][U1,R0][U2,R0][U1,R1][  X  ][U1,R1]<U4,R0>[U3,R0]
[U0,R0][U4,R0][U5,R1]<U1,R0>[U4,R0][  X  ][U0,R0][U1,R0][U0,R0][U1,R0][U2,R0][U1,R1]<U1,R0>[U1,R1]<U3,R0>[U2,R0]
[U0,R0][U5,R0][U5,R0][U1,R0][U5,R1]<U1,R0>[U1,R1]<U0,R0>[  X  ][U1,R0][U3,R0][U1,R0][U1,R0][U1,R1]<U4,R0>[U3,R0]
[  X  ][U5,R0][U5,R1]<U1,R0>[U5,R0][U1,R0][U1,R1]<U0,R0>[U2,R0][U0,R0][U2,R0][U0,R0][U0,R0][U1,R1]<U3,R0>[U2,R0]
[U1,R0][U4,R0][U4,R0][U0,R0][U5,R1]<U0,R0>[U1,R1]<U0,R0>[U2,R0][  X  ][U2,R0][U0,R0][U1,R1]<U1,R0>[U3,R0][U2,R0]
[U1,R0][U5,R0][U5,R0][U0,R0][U5,R0][U0,R0][U1,R1]<U0,R0>[U2,R0][U1,R1]<U1,R0>[  X  ][U1,R0][U1,R0][U4,R1]<U2,R0>
[U0,R0][U4,R0][U4,R0][  X  ][U5,R1]<U1,R0>[U1,R0][U0,R0][U3,R0][U1,R1]<U1,R0>[U1,R1]<U0,R0>[U0,R0][U4,R0][U1,R0]
[U0,R0][U5,R0][U4,R0][U1,R0][U4,R0][U0,R0][U0,R0][  X  ][U3,R0][U1,R1]<U1,R0>[U1,R1]<U0,R0>[U0,R0][U5,R1]<U1,R0>
[U2,R0][U5,R0][U5,R1]<U2,R0>[U5,R0][U1,R0][U1,R1]<U1,R0>[U2,R0][U0,R0][U1,R0][U0,R0][  X  ][U1,R1]<U5,R0>[U2,R0]
[U2,R0][U4,R0][U4,R0][U1,R0][U5,R1]<U0,R0>[U1,R1]<U0,R0>[U1,R0][  X  ][U1,R0][U0,R0][U2,R0][U1,R1]<U4,R0>[U1,R0]
[U2,R0][U5,R0][U5,R1]<U1,R0>[U5,R0][U0,R0][U1,R1]<U0,R0>[U1,R0][U1,R0][U0,R0][  X  ][U3,R0][U1,R1]<U5,R0>[U2,R0]
[U1,R0][U4,R0][U5,R1]<U0,R0>[U4,R0][U0,R0][U0,R0][  X  ][U2,R0][U2,R0][U0,R0][U1,R1]<U2,R0>[U1,R1]<U4,R0>[U1,R0]
[U1,R0][U4,R0][U5,R1]<U0,R0>[U4,R0][U0,R0][U0,R0][U1,R1]<U1,R0>[U1,R0][  X  ][U1,R1]<U2,R0>[U1,R0][U4,R0][U1,R0]
[U0,R0][U4,R0][U4,R0][  X  ][U5,R1]<U0,R0>[U0,R0][U1,R0][U1,R0][U1,R0][U1,R1]<U1,R1><U1,R0>[U0,R0][U3,R0][U0,R0]
[U0,R0][U5,R0][U5,R0][U1,R0][U4,R0][U0,R0][U1,R1]<U0,R0>[U0,R0][U3,R0][U1,R1]<U0,R0>[U0,R0][  X  ][U5,R1]<U1,R0>
[U1,R1]<U4,R0>[U5,R1]<U0,R0>[U4,R0][  X  ][U1,R1]<U2,R0>[U0,R0][U3,R0][U1,R0][U0,R0][U0,R0][U2,R0][U4,R0][U0,R0]
[U1,R0][U5,R0][U5,R1]<U1,R0>[U5,R0][U1,R1]<U0,R0>[U2,R0][  X  ][U3,R0][U1,R0][U1,R1]<U1,R0>[U3,R0][U5,R0][U2,R0]
[U1,R0][U4,R0][U4,R0][U2,R0][U5,R1]<U0,R0>[U1,R1]<U2,R0>[U0,R0][U1,R0][U1,R1][  X  ][U1,R0][U4,R0][U4,R0][U4,R0]
[U0,R0][U4,R0][U4,R0][U1,R0][U5,R1]<U1,R1><U0,R0>[U1,R0][U1,R0][U1,R0][U0,R0][U1,R1][  X  ][U3,R0][U3,R0][U3,R0]
[  X  ][U5,R0][U5,R1]<U1,R0>[U5,R0][U1,R1]<U0,R0>[U1,R0][U2,R0][U1,R0][U0,R0][U1,R1]<U2,R0>[U2,R0][U3,R0][U3,R0]
[U2,R0][U4,R0][U5,R1]<U0,R0>[U4,R0][U1,R1]<U1,R1><U0,R0>[U1,R0][U1,R0][  X  ][U1,R0][U2,R0][U2,R0][U3,R0][U3,R0]
[U2,R0][U3,R0][U3,R0][U0,R0][U5,R1][  X  ][U0,R0][U0,R0][U3,R0][U0,R0][U1,R1]<U1,R1><U3,R0>[U1,R0][U3,R0][U1,R0]
[U2,R0][U3,R0][U3,R0][U0,R0][U5,R1]<U1,R1>[  X  ][U0,R0][U3,R0][U0,R0][U1,R0][U1,R1]<U3,R0>[U1,R0][U3,R0][U1,R0]
[U2,R0][U5,R0][U4,R1]<U1,R0>[U5,R0][U2,R0][U1,R1][  X  ][U3,R0][U0,R0][U1,R0][U1,R1]<U3,R0>[U1,R0][U4,R0][U1,R0]
[U2,R0][U5,R0][U4,R0][U1,R0][U5,R0][U2,R0][U1,R1]<U1,R0>[U2,R0][  X  ][U1,R0][U1,R1]<U3,R0>[U1,R0][U4,R0][U1,R0]
[U2,R0][U4,R0][U4,R0][U2,R0][U5,R1]<U1,R0>[U0,R0][U3,R0][U4,R0][U0,R0][U1,R1]<U1,R1><U1,R0>[  X  ][U4,R0][U0,R0]
[U2,R0][U4,R0][U5,R1]<U1,R0>[U4,R0][U0,R0][  X  ][U4,R0][U5,R0][U0,R0][U1,R1]<U1,R1><U3,R0>[U1,R0][U4,R0][U0,R0]
[U2,R0][U5,R0][U5,R0][U1,R0][U5,R1]<U0,R0>[U1,R1]<U3,R0>[U4,R0][U1,R1]<U0,R0>[U0,R0][U2,R0][U1,R0][U4,R0][  X  ]
[U1,R0][U4,R0][U5,R1]<U0,R0>[U4,R0][U0,R0][U1,R1]<U2,R0>[U4,R0][U1,R1][  X  ][U0,R0][U2,R0][U1,R0][U4,R0][U2,R0]
[U1,R0][U5,R0][U5,R0][U0,R0][U4,R0][U0,R0][U1,R1]<U2,R0>[U4,R0][U1,R1]<U1,R0>[  X  ][U2,R0][U1,R0][U5,R1]<U2,R0>
[U1,R0][U4,R0][U4,R0][U0,R0][U4,R0][  X  ][U1,R0][U2,R0][U4,R0][U1,R0][U1,R1]<U1,R1><U3,R0>[U1,R0][U5,R1]<U2,R0>
[U0,R0][U4,R0][U3,R0][  X  ][U5,R1]<U3,R0>[U0,R0][U1,R0][U3,R0][U0,R0][U1,R1]<U1,R1><U2,R0>[U0,R0][U4,R0][U1,R0]
[U0,R0][U5,R0][U3,R0][U1,R0][U5,R1]<U2,R0>[  X  ][U1,R0][U3,R0][U0,R0][U1,R1]<U1,R1><U2,R0>[U0,R0][U4,R0][U1,R0]
[U0,R0][U5,R0][U4,R0][U1,R0][U5,R0][U2,R0][U2,R0][U0,R0][U3,R0][  X  ][U1,R1]<U1,R1><U2,R0>[U0,R0][U5,R1]<U1,R0>
[U0,R0][U5,R0][U4,R0][U1,R0][U5,R0][U4,R1]<U2,R0>[U0,R0][U3,R0][U1,R1]<U0,R0>[U0,R0][U1,R0][  X  ][U5,R1]<U1,R0>
[  X  ][U5,R0][U5,R1]<U1,R0>[U5,R0][U4,R0][U2,R0][U0,R0][U3,R0][U1,R1]<U0,R0>[U0,R0][U1,R0][U1,R1]<U4,R0>[U1,R0]
[U1,R0][U4,R0][U5,R1]<U0,R0>[U4,R0][U4,R0][U1,R0][  X  ][U3,R0][U1,R1]<U0,R0>[U0,R0][U1,R0][U1,R1]<U5,R0>[U1,R0]
[U1,R0][U5,R0][U5,R1]<U1,R0>[U5,R0][U5,R0][U2,R0][U3,R0][U2,R0][U0,R0][  X  ][U1,R1]<U2,R0>[U1,R1]<U5,R0>[U1,R0]
[U0,R0][U4,R0][U5,R1]<U0,R0>[U4,R0][U4,R0][U1,R0][U2,R0][U1,R0][  X  ][U1,R1]<U1,R1><U1,R0>[U0,R0][U4,R0][U0,R0]
[U0,R0][U5,R0][U5,R1]<U0,R0>[U4,R0][U5,R0][U1,R0][U3,R0][U1,R0][U1,R1]<U0,R0>[U1,R1]<U0,R0>[  X  ][U5,R0][U0,R0]
[U0,R0][U5,R0][U5,R0][U1,R0][U5,R0][U5,R0][U1,R0][U3,R0][U2,R0][U1,R1]<U0,R0>[U1,R1]<U0,R0>[U1,R0][U4,R0][  X  ]
[U0,R0][U4,R0][U4,R0][U1,R0][U5,R1]<U4,R0>[U0,R0][U2,R0][U3,R0][U0,R0][  X  ][U1,R0][U2,R0][U1,R1]<U4,R0>[U1,R1]
[  X  ][U5,R0][U5,R1]<U1,R0>[U5,R0][U4,R0][U0,R0][U2,R0][U3,R0][U0,R0][U2,R0][U0,R0][U1,R0][U1,R1]<U3,R0>[U1,R1]
[U1,R0][U4,R0][U4,R0][U0,R0][U5,R1]<U3,R0>[  X  ][U2,R0][U3,R0][U0,R0][U2,R0][U1,R1]<U1,R0>[U1,R1]<U4,R0>[U1,R0]
[U1,R0][U5,R0][U5,R0][U0,R0][U5,R1]<U3,R0>[U1,R0][U1,R0][U3,R0][  X  ][U2,R0][U1,R1]<U1,R0>[U1,R1]<U5,R0>[U1,R0]
[U1,R0][U4,R0][U4,R0][U0,R0][U5,R1]<U4,R0>[U0,R0][U1,R0][U3,R0][U1,R1]<U1,R0>[  X  ][U1,R0][U0,R0][U4,R0][U1,R1]
[U2,R0][U5,R0][U5,R0][U0,R0][U5,R0][U5,R0][U0,R0][U2,R0][U4,R0][U1,R1]<U1,R0>[U1,R1]<U1,R0>[  X  ][U5,R1]<U1,R0>
[U1,R0][U4,R0][U4,R0][  X  ][U5,R0][U5,R0][U0,R0][U2,R0][U4,R0][U1,R0][U1,R0][U1,R1]<U1,R0>[U2,R1]<U5,R1><U0,R0>
[U1,R0][U5,R0][U4,R0][U1,R1]<U5,R1><U4,R0>[  X  ][U2,R0][U4,R0][U1,R0][U1,R0][U1,R1]<U1,R0>[U2,R0][U5,R0][U0,R0]
[U1,R0][U5,R0][U4,R0][U1,R1]<U5,R1><U4,R0>[U1,R0][U1,R0][U3,R0][U0,R0][U0,R0][U1,R1]<U0,R0>[U1,R0][U4,R0][  X  ]
[U0,R0][U4,R0][U4,R0][U1,R1]<U4,R0>[U3,R0][U0,R0][U2,R0][U3,R0][  X  ][U0,R0][U1,R1]<U0,R0>[U1,R0][U5,R0][U3,R0]
[U0,R0][U5,R0][U4,R0][U1,R1]<U5,R1><U3,R0>[U0,R0][U2,R0][U3,R0][U1,R1][  X  ][U1,R0][U0,R0][U1,R0][U5,R0][U3,R0]
[U0,R0][U5,R0][U5,R0][U1,R0][U5,R0][U3,R0][U1,R0][U2,R0][U4,R0][U1,R1]<U1,R0>[U0,R0][  X  ][U2,R1]<U5,R1><U3,R0>
[  X  ][U5,R0][U5,R0][U1,R0][U5,R1]<U4,R0>[U1,R0][U3,R0][U4,R0][U1,R1]<U1,R0>[U0,R0][U1,R1]<U2,R0>[U4,R0][U3,R0]
[U1,R0][U3,R0][U3,R0][U1,R1]<U5,R1><U2,R0>[U0,R0][U3,R0][U2,R0][U1,R1]<U0,R0>[  X  ][U0,R0][U3,R0][U4,R0][U4,R0]
[U1,R0][U5,R0][U4,R1]<U1,R1><U5,R0>[U2,R0][U0,R0][U3,R0][U2,R0][U1,R1]<U0,R0>[U1,R0][  X  ][U3,R0][U4,R0][U5,R0]
[U3,R0][U3,R0][U3,R0][  X  ][U5,R1]<U2,R0>[U0,R0][U2,R0][U4,R0][U0,R0][U0,R0][U1,R1]<U1,R1><U3,R0>[U3,R0][U3,R0]
[U3,R0][U3,R0][U3,R0][U1,R1]<U5,R1><U1,R0>[  X  ][U2,R0][U4,R0][U0,R0][U0,R0][U1,R1]<U1,R0>[U3,R0][U3,R0][U3,R0]
[U3,R0][U5,R0][U3,R0][U1,R0][U5,R1]<U1,R0>[U1,R1]<U1,R0>[U3,R0][U1,R1][  X  ][U1,R0][U1,R0][U3,R0][U3,R0][U4,R0]
[U2,R0][U4,R0][U5,R1]<U0,R0>[U4,R0][U0,R0][U1,R1]<U1,R0>[U3,R0][U1,R1]<U0,R0>[  X  ][U0,R0][U3,R0][U2,R0][U4,R0]
[U2,R0][U5,R0][U5,R1]<U2,R0>[U5,R0][U0,R0][U1,R1]<U1,R0>[U3,R0][U1,R0][U0,R0][U1,R1][  X  ][U3,R0][U4,R0][U4,R0]
[U1,R0][U3,R0][U5,R1]<U0,R0>[U3,R0][  X  ][U0,R0][U0,R0][U3,R0][U0,R0][U1,R0][U1,R1]<U1,R1><U2,R0>[U3,R0][U2,R0]
[U0,R0][U4,R0][U4,R0][U0,R0][U4,R0][U1,R0][U1,R1]<U0,R0>[U2,R0][  X  ][U2,R0][U1,R1]<U0,R0>[U1,R0][U5,R1]<U3,R0>
[U0,R0][U5,R0][U5,R1]<U0,R0>[U5,R0][U1,R0][U1,R1]<U0,R0>[U2,R0][U1,R0][U2,R0][U1,R1][  X  ][U1,R0][U5,R0][U3,R0]
[  X  ][U5,R0][U5,R1]<U0,R0>[U5,R0][U2,R0][U1,R0][U1,R0][U2,R0][U2,R0][U2,R0][U1,R1]<U2,R1><U0,R0>[U4,R0][U2,R0]
[U1,R1]<U4,R0>[U4,R0][  X  ][U5,R0][U2,R0][U1,R0][U1,R0][U2,R0][U3,R0][U3,R0][U1,R1]<U2,R0>[U0,R0][U5,R0][U2,R0]
[U1,R1]<U5,R0>[U4,R0][U1,R1]<U5,R1><U1,R0>[U0,R0][U0,R0][U1,R0][U3,R0][U2,R0][U0,R0][U1,R0][  X  ][U5,R0][U2,R0]
[U0,R0][U4,R0][U5,R1]<U0,R0>[U4,R0][U4,R0][U1,R1][  X  ][U1,R0][U3,R0][U2,R0][U1,R1]<U4,R0>[U4,R0][U4,R0][U3,R0]
[  X  ][U5,R0][U5,R1]<U1,R1><U5,R0>[U4,R0][U1,R1]<U2,R0>[U0,R0][U2,R0][U2,R0][U0,R0][U3,R0][U4,R0][U3,R0][U2,R0]
[U1,R1]<U4,R0>[U4,R0][U1,R1]<U5,R1><U3,R0>[U0,R0][U2,R0][  X  ][U2,R0][U2,R0][U0,R0][U3,R0][U4,R0][U4,R0][U3,R0]
[U1,R1]<U5,R0>[U5,R1]<U1,R1><U5,R0>[U3,R0][U0,R0][U2,R0][U1,R0][U1,R0][U1,R0][  X  ][U3,R0][U4,R0][U4,R0][U3,R0]
[U1,R1]<U4,R0>[U5,R1]<U0,R0>[U4,R0][U3,R0][  X  ][U3,R0][U2,R0][U3,R0][U1,R0][U1,R1]<U3,R0>[U3,R0][U4,R0][U3,R0]
[U0,R0][U3,R0][U5,R1][  X  ][U4,R0][U3,R0][U1,R1]<U2,R0>[U1,R0][U2,R0][U0,R0][U1,R1]<U2,R0>[U2,R0][U3,R0][U2,R0]
[  X  ][U5,R0][U5,R0][U1,R1]<U4,R0>[U3,R0][U0,R0][U1,R0][U1,R0][U1,R0][U0,R0][U1,R1]<U2,R0>[U2,R0][U2,R0][U1,R0]
[U1,R1]<U3,R0>[U3,R0][  X  ][U4,R0][U2,R0][U0,R0][U3,R1]<U0,R0>[U1,R0][U0,R0][U0,R0][U1,R0][U1,R0][U4,R1]<U1,R0>
[U1,R1]<U5,R0>[U5,R1]<U1,R1><U4,R0>[U3,R0][U0,R0][U3,R0][U2,R0][U0,R0][  X  ][U1,R0][U3,R0][U2,R0][U5,R0][U4,R0]
[U1,R1]<U4,R0>[U4,R0][U1,R1]<U5,R1><U2,R0>[  X  ][U3,R0][U2,R0][U0,R0][U1,R0][U0,R0][U2,R0][U2,R0][U4,R0][U4,R0]
[U1,R1]<U5,R0>[U5,R1]<U1,R1><U5,R0>[U2,R0][U1,R0][U2,R0][U1,R0][  X  ][U2,R0][U0,R0][U2,R0][U2,R0][U5,R0][U5,R0]
[  X  ][U4,R0][U4,R0][U1,R1]<U4,R0>[U1,R0][U1,R0][U1,R0][U1,R0][U0,R0][U0,R0][U1,R1]<U0,R0>[U0,R0][U5,R1]<U3,R0>
[U1,R0][U4,R0][U4,R0][U1,R1]<U4,R0>[U1,R0][U4,R0][U3,R0][U3,R0][  X  ][U1,R0][U1,R1]<U4,R0>[U3,R0][U5,R1]<U5,R0>
[U1,R1]<U4,R0>[U5,R1]<U1,R1><U4,R0>[U0,R0][U3,R0][U3,R0][U2,R0][U1,R0][  X  ][U0,R0][U4,R0][U2,R0][U4,R0][U4,R0]
[U0,R0][U4,R0][U5,R1]<U1,R1><U4,R0>[  X  ][U3,R0][U4,R0][U4,R0][U3,R0][U3,R0][U1,R1]<U3,R0>[U2,R0][U4,R0][U3,R0]
[  X  ][U5,R0][U5,R1]<U1,R1><U5,R0>[U2,R0][U4,R0][U3,R0][U4,R0][U2,R0][U3,R0][U1,R1]<U2,R0>[U1,R0][U3,R0][U2,R0]
[U0,R0][U3,R0][U5,R1]<U1,R1><U3,R0>[U2,R0][U3,R0][U3,R0][U3,R0][U3,R0][U1,R0][U1,R1]<U0,R0>[  X  ][U4,R0][U1,R0]
[  X  ][U5,R0][U5,R0][U1,R1]<U5,R1><U2,R0>[U3,R0][U3,R0][U4,R0][U3,R0][U1,R0][U1,R1]<U0,R0>[U1,R0][U3,R0][U0,R0]
[U1,R1]<U4,R0>[U4,R0][U1,R1]<U5,R1><U2,R0>[U3,R0][U2,R0][U3,R0][U3,R0][U0,R0][U0,R0][  X  ][U1,R0][U5,R0][U2,R0]
[U1,R1]<U4,R0>[U5,R1]<U1,R1><U4,R0>[U1,R0][U2,R0][U2,R0][U2,R0][U4,R0][  X  ][U0,R0][U1,R0][U0,R0][U4,R0][U2,R0]
[U1,R1]<U4,R0>[U5,R1]<U1,R1><U4,R0>[U1,R0][U2,R0][U3,R0][U3,R0][U4,R0][U2,R0][  X  ][U1,R0][U0,R0][U4,R0][U1,R0]
[U1,R1]<U4,R0>[U4,R0][U1,R1]<U4,R0>[U0,R0][U2,R0][U3,R0][U2,R0][U4,R0][U1,R0][U1,R0][U0,R0][  X  ][U4,R0][U1,R0]
[  X  ][U4,R0][U5,R1]<U1,R1><U4,R0>[U0,R0][U4,R0][U3,R0][U2,R0][U4,R0][U2,R0][U4,R0][U4,R0][U1,R1]<U3,R0>[U2,R0]
[U1,R1]<U3,R0>[U5,R1]<U1,R1><U3,R0>[U0,R0][U3,R0][U2,R0][U1,R0][U3,R0][U1,R0][U3,R0][U3,R0][  X  ][U4,R0][U2,R0]
[  X  ][U4,R0][U5,R1]<U1,R1><U4,R0>[U0,R0][U4,R0][U2,R0][U4,R0][U4,R0][U3,R0][U4,R0][U4,R0][U1,R1]<U3,R0>[U2,R0]
[U2,R0][U4,R0][U4,R0][U1,R1]<U4,R0>[  X  ][U4,R0][U3,R0][U5,R0][U5,R0][U3,R0][U4,R0][U4,R0][U1,R1]<U5,R0>[U2,R0]
[U4,R0][U4,R0][U5,R1]<U1,R1><U4,R0>[U1,R1]<U3,R0>[U3,R0][U3,R0][U3,R0][U2,R0][U3,R0][U3,R0][  X  ][U4,R0][U1,R0]
[U3,R0][U3,R0][U3,R0][U1,R1]<U3,R0>[U1,R1]<U2,R0>[U1,R0][U2,R0][U1,R0][U2,R0][U2,R0][U1,R0][U0,R0][U2,R0][  X  ]
[U2,R0][U4,R0][U3,R0][U1,R1]<U4,R1><U0,R0>[U1,R0][U1,R0][U1,R0][U0,R0][U1,R0][U2,R0][U0,R0][  X  ][U3,R0][U1,R1]
[U1,R0][U4,R0][U5,R1]<U1,R1><U4,R0>[  X  ][U3,R0][U1,R0][U2,R0][U1,R0][U1,R0][U4,R0][U0,R0][U1,R0][U3,R0][U1,R1]
[U0,R0][U4,R0][U5,R1]<U1,R1><U4,R0>[U1,R1]<U3,R0>[U1,R0][U1,R0][U0,R0][  X  ][U3,R0][U0,R0][U1,R0][U4,R0][U0,R0]
[U1,R0][U5,R0][U5,R1]<U1,R1><U5,R0>[U1,R0][U4,R0][U2,R0][U1,R0][U2,R0][U1,R0][U2,R0][  X  ][U3,R0][U5,R0][U1,R1]
[U1,R0][U4,R0][U4,R0][U1,R1]<U5,R1><U1,R1><U3,R0>[U2,R0][U1,R0][U2,R0][U0,R0][U2,R0][U1,R0][U1,R0][U3,R0][  X  ]
[U1,R0][U3,R0][U3,R0][U1,R1]<U5,R1>[  X  ][U3,R0][U1,R0][U0,R0][U1,R0][U2,R0][U2,R0][U0,R0][U2,R0][U3,R0][U1,R1]
[U1,R0][U5,R0][U3,R0][U1,R1]<U5,R1><U1,R1><U3,R0>[U0,R0][U0,R0][U0,R0][U1,R0][U1,R0][  X  ][U3,R0][U3,R0][U1,R0]
[U2,R0][U4,R0][U5,R1]<U1,R1><U4,R0>[U0,R0][U4,R0][  X  ][U1,R0][U0,R0][U1,R0][U1,R0][U1,R0][U4,R0][U3,R0][U1,R1]
[U2,R0][U5,R0][U5,R0][U1,R1]<U4,R0>[U0,R0][U4,R0][U1,R0][U0,R0][  X  ][U1,R0][U1,R0][U1,R0][U4,R0][U4,R1]<U1,R1>
[U1,R0][U4,R0][U4,R0][U1,R1]<U3,R0>[  X  ][U4,R0][U1,R0][U0,R0][U1,R0][U0,R0][U0,R0][U0,R0][U3,R0][U5,R1]<U1,R1>
[U2,R0][U4,R0][U4,R0][U1,R1]<U4,R0>[U0,R0][U3,R0][U2,R0][U1,R0][U1,R0][U1,R0][  X  ][U1,R0][U2,R0][U5,R1]<U1,R1>
[U1,R0][U3,R0][U5,R1]<U1,R1><U3,R0>[  X  ][U4,R0][U4,R0][U4,R0][U4,R0][U4,R0][U3,R0][U1,R0][U3,R0][U3,R0][U1,R1]
[U1,R0][U4,R0][U5,R1]<U1,R1><U4,R0>[U1,R1]<U3,R0>[U2,R0][U3,R0][U3,R0][U3,R0][U2,R0][U0,R0][U1,R0][U3,R0][  X  ]
[U1,R0][U4,R0][U5,R1]<U1,R1><U4,R0>[U0,R0][U3,R0][U2,R0][U3,R0][U4,R0][U2,R0][U2,R0][  X  ][U4,R0][U5,R0][U1,R1]
[U0,R0][U4,R0][U4,R0][U1,R1]<U5,R1><U1,R1><U3,R0>[U1,R0][U2,R0][U4,R0][U1,R0][U2,R0][U0,R0][U3,R0][U3,R0][  X  ]
[U0,R0][U4,R0][U4,R0][U1,R1]<U5,R1><U0,R0>[U3,R0][U1,R0][U1,R0][U3,R0][U3,R0][U3,R0][  X  ][U5,R0][U5,R0][U1,R1]
[  X  ][U5,R0][U5,R1]<U1,R1><U5,R0>[U1,R1]<U3,R0>[U1,R0][U1,R0][U3,R0][U3,R0][U3,R0][U1,R0][U4,R0][U4,R0][U0,R0]
[U2,R0][U3,R0][U5,R1]<U1,R1><U3,R0>[U1,R1]<U3,R0>[U3,R0][U1,R0][U2,R0][U3,R0][U3,R0][U0,R0][U3,R0][U3,R0][  X  ]
[U0,R0][U3,R0][U3,R0][U1,R1]<U3,R0>[U1,R1]<U2,R0>[U1,R0][  X  ][U1,R0][U3,R0][U2,R0][U0,R0][U3,R0][U2,R0][U2,R0]
[U0,R0][U3,R0][U3,R0][U1,R1]<U5,R1><U1,R1><U0,R0>[  X  ][U0,R0][U2,R0][U2,R0][U0,R0][U1,R0][U2,R0][U2,R0][U0,R0]
[U0,R0][U5,R0][U5,R1]<U1,R1><U5,R0>[U1,R1]<U0,R0>[U1,R0][  X  ][U3,R0][U2,R0][U1,R0][U1,R0][U2,R0][U4,R0][U0,R0]
[  X  ][U4,R0][U5,R1]<U1,R1><U4,R0>[U1,R1]<U0,R0>[U0,R0][U0,R0][U3,R0][U3,R0][U0,R0][U1,R0][U2,R0][U3,R0][U0,R0]
[U2,R0][U4,R0][U5,R1]<U1,R1><U4,R0>[U1,R1]<U0,R0>[  X  ][U0,R0][U3,R0][U4,R0][U0,R0][U1,R0][U4,R0][U3,R0][U3,R0]
[U2,R0][U4,R0][U4,R0][U1,R1]<U5,R1><U0,R0>[  X  ][U1,R0][U1,R1]<U2,R0>[U4,R0][U0,R0][U0,R0][U4,R0][U4,R0][U3,R0]
[U2,R0][U5,R0][U5,R0][U1,R1]<U5,R1><U1,R1><U3,R0>[U1,R0][U0,R0][U2,R0][U3,R0][  X  ][U0,R0][U5,R0][U5,R0][U5,R0]
[U4,R0][U5,R0][U5,R0][U1,R1]<U5,R0>[U1,R1]<U5,R0>[U3,R0][U1,R0][U5,R0][U3,R0][U3,R0][  X  ][U5,R0][U5,R1]<U5,R0>
[U2,R0][U3,R0][U3,R0][U1,R1]<U5,R1>[  X  ][U4,R0][U2,R0][U1,R1]<U4,R0>[U3,R0][U2,R0][U0,R0][U3,R0][U3,R0][U3,R0]
[U1,R0][U4,R0][U4,R0][U1,R1]<U5,R1><U1,R1><U3,R0>[U1,R0][  X  ][U4,R0][U3,R0][U4,R0][U0,R0][U2,R0][U4,R0][U4,R0]
[U2,R0][U5,R0][U5,R0][U1,R1]<U5,R0>[U1,R1]<U3,R0>[U1,R0][U2,R0][U3,R0][U2,R0][U3,R0][  X  ][U2,R0][U4,R0][U4,R0]
[U2,R0][U3,R0][U3,R0][U1,R1]<U3,R0>[  X  ][U2,R0][U0,R0][U2,R0][U2,R0][U3,R0][U2,R0][U1,R1]<U1,R0>[U5,R1]<U3,R0>
[U1,R0][U4,R0][U4,R0][U1,R1]<U4,R0>[U1,R1]<U1,R0>[U0,R0][U3,R0][U3,R0][U3,R0][U0,R0][  X  ][U2,R0][U5,R1]<U4,R0>
[  X  ][U4,R0][U4,R0][U1,R1]<U4,R0>[U0,R0][U2,R0][U0,R0][U2,R0][U2,R0][U4,R0][U0,R0][U1,R1]<U2,R0>[U5,R1]<U3,R0>
[U2,R0][U3,R0][U5,R1]<U1,R1><U3,R0>[U1,R1]<U1,R0>[  X  ][U2,R0][U1,R0][U3,R0][U0,R0][U0,R0][U2,R0][U4,R0][U4,R0]
[U3,R0][U4,R0][U5,R1]<U1,R1><U4,R0>[U1,R1]<U1,R0>[U0,R0][U2,R0][  X  ][U4,R0][U2,R0][U0,R0][U4,R0][U4,R0][U4,R0]
[U3,R0][U4,R0][U5,R1]<U1,R1><U4,R0>[U0,R0][U1,R0][  X  ][U2,R0][U1,R0][U4,R0][U2,R0][U1,R1]<U4,R0>[U4,R0][U4,R0]
[U4,R0][U4,R0][U5,R1]<U1,R1><U4,R0>[U1,R1]<U1,R0>[U1,R0][U0,R0][U1,R0][U3,R0][U2,R0][  X  ][U3,R0][U4,R0][U4,R0]
[U3,R0][U4,R0][U4,R0][U1,R1]<U5,R1><U0,R0>[U0,R0][U0,R0][  X  ][U1,R0][U3,R0][U2,R0][U1,R1]<U4,R0>[U4,R0][U3,R0]
[U2,R0][U4,R0][U3,R0][U1,R1]<U5,R1>[  X  ][U0,R0][U0,R0][U1,R0][U0,R0][U2,R0][U1,R0][U1,R1]<U3,R0>[U3,R0][U2,R0]
[U1,R0][U4,R0][U4,R0][U1,R1]<U5,R1><U1,R1><U0,R0>[  X  ][U1,R0][U1,R0][U1,R0][U0,R0][U0,R0][U2,R0][U3,R0][U1,R0]
[U5,R0][U5,R0][U5,R0][U1,R0][U5,R0][U1,R0][U0,R0][U3,R0][U2,R0][U0,R0][U0,R0][U0,R0][  X  ][U2,R0][U5,R0][U1,R0]
[U4,R0][U4,R0][U4,R0][U0,R0][U4,R0][U0,R0][  X  ][U3,R0][U2,R0][U0,R0][U0,R0][U0,R0][U1,R0][U1,R0][U4,R0][U0,R0]
[U4,R0][U4,R0][U4,R0][U0,R0][U4,R0][U0,R0][U1,R1]<U2,R0>[U1,R0][  X  ][U0,R0][U0,R0][U1,R0][U1,R0][U4,R0][U0,R0]
[U4,R0][U4,R0][U4,R0][U0,R0][U4,R0][U0,R0][U1,R0][U2,R0][U1,R0][U1,R0][  X  ][U0,R0][U1,R0][U1,R0][U4,R0][U0,R0]
[U4,R0][U4,R0][U4,R0][U0,R0][U4,R0][U0,R0][U1,R0][U2,R0][U1,R0][U1,R0][U1,R0][  X  ][U1,R0][U1,R0][U4,R0][U0,R0]
[U4,R0][U4,R0][U4,R0][U0,R0][U4,R0][U0,R0][U1,R0][U2,R0][U1,R0][U2,R0][U1,R0][U1,R0][U0,R0][U0,R0][U3,R0][  X  ]
[U3,R0][U3,R0][U3,R0][  X  ][U4,R0][U0,R0][U1,R0][U2,R0][U1,R0][U2,R0][U1,R0][U1,R0][U0,R0][U0,R0][U3,R0][U1,R0]
[U3,R0][U3,R0][U3,R0][U1,R1]<U3,R0>[  X  ][U1,R0][U2,R0][U1,R0][U2,R0][U1,R0][U1,R0][U0,R0][U0,R0][U3,R0][U1,R0]
[U3,R0][U3,R0][U3,R0][U1,R1]<U3,R0>[U1,R0][U0,R0][U1,R0][U0,R0][U1,R0][U0,R0][U0,R0][  X  ][U0,R0][U3,R0][U1,R0]
[U3,R0][U3,R0][U3,R0][U1,R0][U3,R0][U1,R0][U0,R0][U1,R0][U0,R0][U1,R0][U0,R0][U0,R0][U1,R0][  X  ][U3,R0][U1,R0]
[U2,R0][U2,R0][U2,R0][U0,R0][U2,R0][U0,R0][  X  ][U1,R0][U0,R0][U1,R0][U0,R0][U0,R0][U1,R0][U1,R0][U2,R0][U0,R0]
[U2,R0][U2,R0][U2,R0][U0,R0][U2,R0][U0,R0][U1,R0][U0,R0][  X  ][U1,R0][U0,R0][U0,R0][U1,R0][U1,R0][U2,R0][U0,R0]
[U2,R0][U2,R0][U2,R0][U0,R0][U2,R0][U0,R0][U1,R0][U0,R0][U1,R0][U0,R0][  X  ][U0,R0][U1,R0][U1,R0][U2,R0][U0,R0]
[U2,R0][U2,R0][U2,R0][U0,R0][U2,R0][U0,R0][U1,R0][U0,R0][U1,R0][U0,R0][U1,R0][  X  ][U1,R0][U1,R0][U2,R0][U0,R0]
[U2,R0][U2,R0][U2,R0][U0,R0][U2,R0][U0,R0][U1,R0][U0,R0][U1,R0][U0,R0][U1,R0][U1,R1]<U0,R0>[U0,R0][U1,R0][  X  ]
[U1,R0][U1,R0][U1,R0][  X  ][U2,R0][U0,R0][U1,R0][U0,R0][U1,R0][U0,R0][U1,R0][U1,R0][U0,R0][U0,R0][U1,R0][U1,R0]
[U1,R0][U1,R0][U1,R0][U1,R0][U1,R0][  X  ][U1,R0][U0,R0][U1,R0][U0,R0][U1,R0][U1,R0][U0,R0][U0,R0][U1,R0][U1,R0]
[U1,R0][U1,R0][U1,R0][U1,R0][U1,R0][U1,R0][U0,R0][  X  ][U1,R0][U0,R0][U1,R0][U1,R0][U0,R0][U0,R0][U1,R0][U1,R0]
[U1,R0][U1,R0][U1,R0][U1,R0][U1,R0][U1,R0][U0,R0][U1,R0][U0,R0][  X  ][U1,R0][U1,R0][U0,R0][U0,R0][U1,R0][U2,R0]
[U1,R0][U1,R0][U1,R0][U1,R0][U1,R0][U1,R0][U0,R0][U1,R0][U0,R0][U1,R0][U0,R0][U0,R0][  X  ][U0,R0][U1,R0][U2,R0]
[U1,R0][U1,R0][U1,R0][U1,R0][U1,R0][U1,R0][U0,R0][U1,R0][U0,R0][U1,R0][U0,R0][U0,R0][U1,R1][  X  ][U1,R0][U2,R0]
[U0,R0][U0,R0][U0,R0][U0,R0][U0,R0][U0,R0][  X  ][U1,R0][U0,R0][U1,R0][U0,R0][U0,R0][U1,R0][U1,R0][U0,R0][U1,R0]
[U0,R0][U0,R0][U0,R0][U0,R0][U0,R0][U0,R0][U1,R0][U0,R0][  X  ][U1,R0][U0,R0][U0,R0][U1,R0][U1,R0][U0,R0][U1,R0]
[U0,R0][U0,R0][U0,R0][U0,R0][U0,R0][U0,R0][U1,R0][U0,R0][U1,R0][U0,R0][  X  ][U0,R0][U1,R0][U1,R0][U0,R0][U1,R0]
[U0,R0][U0,R0][U0,R0][U0,R0][U0,R0][U0,R0][U1,R0][U0,R0][U1,R0][U0,R0][U1,R1][  X  ][U1,R0][U1,R0][U0,R0][U1,R0]
[U0,R0][U0,R0][U0,R0][U0,R0][U0,R0][U0,R0][U1,R0][U0,R0][U1,R0][U0,R0][U1,R0][U1,R0][U0,R0][U0,R0][  X  ][U1,R0]
[  X  ][U0,R0][U0,R0][U0,R0][U0,R0][U0,R0][U1,R0][U0,R0][U1,R0][U0,R0][U1,R0][U1,R0][U0,R0][U0,R0][U1,R0][U0,R0]
[U1,R1][  X  ][U0,R0][U0,R0][U0,R0][U0,R0][U1,R0][U0,R0][U1,R0][U0,R0][U1,R0][U1,R0][U0,R0][U0,R0][U1,R0][U0,R0]
[U1,R0][U1,R0][  X  ][U0,R0][U0,R0][U0,R0][U1,R0][U0,R0][U1,R0][U0,R0][U1,R0][U1,R0][U0,R0][U0,R0][U1,R0][U0,R0]
[U1,R0][U1,R0][U1,R0][  X  ][U0,R0][U0,R0][U1,R0][U0,R0][U1,R0][U0,R0][U1,R0][U1,R0][U0,R0][U0,R0][U1,R0][U0,R0]
[U1,R0][U1,R0][U5,R0][U5,R0][  X  ][U0,R0][U1,R0][U0,R0][U1,R0][U0,R0][U1,R0][U1,R0][U0,R0][U0,R0][U1,R0][U0,R0]
[U1,R0][U1,R0][U5,R0][U5,R0][U1,R1][  X  ][U1,R0][U0,R0][U1,R0][U0,R0][U1,R0][U1,R0][U0,R0][U0,R0][U1,R0][U0,R0]
